03.11.2021 20:14:22 - array (
  0 => 'add_media',
  1 => 'make',
  2 => 'serie',
  3 => 'ca-year',
  4 => 'exterior-color',
)
08.11.2021 15:29:14 - array (
  0 => 'add_media',
  1 => 'make',
  2 => 'serie',
  3 => 'ca-year',
  4 => 'exterior-color',
)
09.11.2021 07:33:21 - array (
  0 => 'add_media',
  1 => 'make',
  2 => 'serie',
  3 => 'ca-year',
  4 => 'exterior-color',
)
09.11.2021 11:09:21 - array (
  0 => 'add_media',
  1 => 'make',
  2 => 'serie',
  3 => 'ca-year',
  4 => 'exterior-color',
)
22.11.2021 19:15:46 - array (
  0 => 'add_media',
  1 => 'make',
  2 => 'serie',
  3 => 'ca-year',
  4 => 'exterior-color',
)
24.11.2021 17:28:36 - array (
  0 => 'add_media',
  1 => 'make',
  2 => 'serie',
  3 => 'ca-year',
  4 => 'exterior-color',
)
30.11.2021 09:41:49 - array (
  0 => 'add_media',
  1 => 'make',
  2 => 'serie',
  3 => 'ca-year',
  4 => 'exterior-color',
)
30.11.2021 09:46:47 - array (
  0 => 'add_media',
  1 => 'make',
  2 => 'serie',
  3 => 'ca-year',
  4 => 'exterior-color',
)
07.12.2021 17:19:42 - array (
  0 => 'add_media',
  1 => 'make',
  2 => 'serie',
  3 => 'ca-year',
  4 => 'exterior-color',
)
07.12.2021 17:27:44 - array (
  0 => 'add_media',
  1 => 'make',
  2 => 'serie',
  3 => 'ca-year',
  4 => 'exterior-color',
)
15.12.2021 15:51:06 - array (
  0 => 'add_media',
  1 => 'make',
  2 => 'serie',
  3 => 'ca-year',
  4 => 'exterior-color',
)
16.12.2021 20:50:35 - array (
  0 => 'add_media',
  1 => 'make',
  2 => 'serie',
  3 => 'ca-year',
  4 => 'exterior-color',
)
20.12.2021 12:48:05 - array (
  0 => 'add_media',
  1 => 'make',
  2 => 'serie',
  3 => 'ca-year',
  4 => 'exterior-color',
)
21.12.2021 07:56:24 - array (
  0 => 'add_media',
  1 => 'make',
  2 => 'serie',
  3 => 'ca-year',
  4 => 'exterior-color',
)
21.12.2021 20:16:24 - array (
  0 => 'add_media',
  1 => 'make',
  2 => 'serie',
  3 => 'ca-year',
  4 => 'exterior-color',
)
30.12.2021 02:48:56 - array (
  0 => 'add_media',
  1 => 'make',
  2 => 'serie',
  3 => 'ca-year',
  4 => 'exterior-color',
)
01.01.2022 19:59:31 - array (
  0 => 'add_media',
  1 => 'make',
  2 => 'serie',
  3 => 'ca-year',
  4 => 'exterior-color',
)
15.01.2022 11:31:10 - array (
  0 => 'add_media',
  1 => 'make',
  2 => 'serie',
  3 => 'ca-year',
  4 => 'exterior-color',
)
17.01.2022 04:48:26 - array (
  0 => 'add_media',
  1 => 'make',
  2 => 'serie',
  3 => 'ca-year',
  4 => 'exterior-color',
)
18.01.2022 18:16:43 - array (
  0 => 'add_media',
  1 => 'make',
  2 => 'serie',
  3 => 'ca-year',
  4 => 'exterior-color',
)
19.01.2022 15:25:22 - array (
  0 => 'add_media',
  1 => 'make',
  2 => 'serie',
  3 => 'ca-year',
  4 => 'exterior-color',
)
20.01.2022 22:53:45 - array (
  0 => 'add_media',
  1 => 'make',
  2 => 'serie',
  3 => 'ca-year',
  4 => 'exterior-color',
)
29.01.2022 10:36:27 - array (
  0 => 'add_media',
  1 => 'make',
  2 => 'serie',
  3 => 'ca-year',
  4 => 'exterior-color',
)
29.01.2022 15:13:25 - array (
  0 => 'add_media',
  1 => 'make',
  2 => 'serie',
  3 => 'ca-year',
  4 => 'exterior-color',
)
03.02.2022 16:05:14 - array (
  0 => 'add_media',
  1 => 'make',
  2 => 'serie',
  3 => 'ca-year',
  4 => 'exterior-color',
)
06.02.2022 08:31:54 - array (
  0 => 'add_media',
  1 => 'make',
  2 => 'serie',
  3 => 'ca-year',
  4 => 'exterior-color',
)
06.02.2022 14:47:21 - array (
  0 => 'add_media',
  1 => 'make',
  2 => 'serie',
  3 => 'ca-year',
  4 => 'exterior-color',
)
06.02.2022 17:20:33 - array (
  0 => 'add_media',
  1 => 'make',
  2 => 'serie',
  3 => 'ca-year',
  4 => 'exterior-color',
)
18.02.2022 16:59:21 - array (
  0 => 'add_media',
  1 => 'make',
  2 => 'serie',
  3 => 'ca-year',
  4 => 'exterior-color',
)
22.02.2022 06:31:25 - array (
  0 => 'add_media',
  1 => 'make',
  2 => 'serie',
  3 => 'ca-year',
  4 => 'exterior-color',
)
24.02.2022 22:02:52 - array (
  0 => 'add_media',
  1 => 'make',
  2 => 'serie',
  3 => 'ca-year',
  4 => 'exterior-color',
)
25.02.2022 13:43:28 - array (
  0 => 'add_media',
  1 => 'make',
  2 => 'serie',
  3 => 'ca-year',
  4 => 'exterior-color',
)
26.02.2022 18:45:59 - array (
  0 => 'add_media',
  1 => 'make',
  2 => 'serie',
  3 => 'ca-year',
  4 => 'exterior-color',
)
27.02.2022 08:12:50 - array (
  0 => 'add_media',
  1 => 'make',
  2 => 'serie',
  3 => 'ca-year',
  4 => 'exterior-color',
)
28.02.2022 13:36:32 - array (
  0 => 'add_media',
  1 => 'make',
  2 => 'serie',
  3 => 'ca-year',
  4 => 'exterior-color',
)
05.03.2022 21:45:08 - array (
  0 => 'add_media',
  1 => 'make',
  2 => 'serie',
  3 => 'ca-year',
  4 => 'exterior-color',
)
07.03.2022 19:44:53 - array (
  0 => 'add_media',
  1 => 'make',
  2 => 'serie',
  3 => 'ca-year',
  4 => 'exterior-color',
)
10.03.2022 06:50:20 - array (
  0 => 'add_media',
  1 => 'make',
  2 => 'serie',
  3 => 'ca-year',
  4 => 'exterior-color',
)
10.03.2022 08:22:13 - array (
  0 => 'add_media',
  1 => 'make',
  2 => 'serie',
  3 => 'ca-year',
  4 => 'exterior-color',
)
11.03.2022 06:28:31 - array (
  0 => 'add_media',
  1 => 'make',
  2 => 'serie',
  3 => 'ca-year',
  4 => 'exterior-color',
)
12.03.2022 15:23:51 - array (
  0 => 'add_media',
  1 => 'make',
  2 => 'serie',
  3 => 'ca-year',
  4 => 'exterior-color',
)
12.03.2022 16:36:06 - array (
  0 => 'add_media',
  1 => 'make',
  2 => 'serie',
  3 => 'ca-year',
  4 => 'exterior-color',
)
16.03.2022 11:32:05 - array (
  0 => 'add_media',
  1 => 'make',
  2 => 'serie',
  3 => 'ca-year',
  4 => 'exterior-color',
)
19.03.2022 07:26:52 - array (
  0 => 'add_media',
  1 => 'make',
  2 => 'serie',
  3 => 'ca-year',
  4 => 'exterior-color',
)
27.03.2022 09:01:33 - array (
  0 => 'add_media',
  1 => 'make',
  2 => 'serie',
  3 => 'ca-year',
  4 => 'exterior-color',
)
27.03.2022 09:47:50 - array (
  0 => 'add_media',
  1 => 'make',
  2 => 'serie',
  3 => 'ca-year',
  4 => 'exterior-color',
)
27.03.2022 13:46:38 - array (
  0 => 'add_media',
  1 => 'make',
  2 => 'serie',
  3 => 'ca-year',
  4 => 'exterior-color',
)
28.03.2022 21:38:00 - array (
  0 => 'add_media',
  1 => 'make',
  2 => 'serie',
  3 => 'ca-year',
  4 => 'exterior-color',
)
01.04.2022 08:55:12 - array (
  0 => 'add_media',
  1 => 'make',
  2 => 'serie',
  3 => 'ca-year',
  4 => 'exterior-color',
)
07.04.2022 16:52:15 - array (
  0 => 'add_media',
  1 => 'make',
  2 => 'serie',
  3 => 'ca-year',
  4 => 'exterior-color',
)
10.04.2022 13:25:37 - array (
  0 => 'add_media',
  1 => 'make',
  2 => 'serie',
  3 => 'ca-year',
  4 => 'exterior-color',
)
14.04.2022 07:17:29 - array (
  0 => 'add_media',
  1 => 'make',
  2 => 'serie',
  3 => 'ca-year',
  4 => 'exterior-color',
)
19.04.2022 05:14:17 - array (
  0 => 'add_media',
  1 => 'make',
  2 => 'serie',
  3 => 'ca-year',
  4 => 'exterior-color',
)
19.04.2022 06:52:13 - array (
  0 => 'add_media',
  1 => 'make',
  2 => 'serie',
  3 => 'ca-year',
  4 => 'exterior-color',
)
19.04.2022 07:57:43 - array (
  0 => 'add_media',
  1 => 'make',
  2 => 'serie',
  3 => 'ca-year',
  4 => 'exterior-color',
)
19.04.2022 08:39:31 - array (
  0 => 'add_media',
  1 => 'make',
  2 => 'serie',
  3 => 'ca-year',
  4 => 'exterior-color',
)
19.04.2022 09:24:34 - array (
  0 => 'add_media',
  1 => 'make',
  2 => 'serie',
  3 => 'ca-year',
  4 => 'exterior-color',
)
19.04.2022 23:12:16 - array (
  0 => 'add_media',
  1 => 'make',
  2 => 'serie',
  3 => 'ca-year',
  4 => 'exterior-color',
)
21.04.2022 08:05:42 - array (
  0 => 'add_media',
  1 => 'make',
  2 => 'serie',
  3 => 'ca-year',
  4 => 'exterior-color',
)
21.04.2022 17:35:33 - array (
  0 => 'add_media',
  1 => 'make',
  2 => 'serie',
  3 => 'ca-year',
  4 => 'exterior-color',
)
21.04.2022 23:51:53 - array (
  0 => 'add_media',
  1 => 'make',
  2 => 'serie',
  3 => 'ca-year',
  4 => 'exterior-color',
)
24.04.2022 01:09:34 - array (
  0 => 'add_media',
  1 => 'make',
  2 => 'serie',
  3 => 'ca-year',
  4 => 'exterior-color',
)
26.04.2022 01:05:28 - array (
  0 => 'add_media',
  1 => 'make',
  2 => 'serie',
  3 => 'ca-year',
  4 => 'exterior-color',
)
28.04.2022 09:27:27 - array (
  0 => 'add_media',
  1 => 'make',
  2 => 'serie',
  3 => 'ca-year',
  4 => 'exterior-color',
)
01.05.2022 07:35:13 - array (
  0 => 'add_media',
  1 => 'make',
  2 => 'serie',
  3 => 'ca-year',
  4 => 'exterior-color',
)
08.05.2022 03:10:44 - array (
  0 => 'add_media',
  1 => 'make',
  2 => 'serie',
  3 => 'ca-year',
  4 => 'exterior-color',
)
08.05.2022 16:32:08 - array (
  0 => 'add_media',
  1 => 'make',
  2 => 'serie',
  3 => 'ca-year',
  4 => 'exterior-color',
)
10.05.2022 17:56:45 - array (
  0 => 'add_media',
  1 => 'make',
  2 => 'serie',
  3 => 'ca-year',
  4 => 'exterior-color',
)
11.05.2022 07:36:55 - array (
  0 => 'add_media',
  1 => 'make',
  2 => 'serie',
  3 => 'ca-year',
  4 => 'exterior-color',
)
12.05.2022 19:18:56 - array (
  0 => 'add_media',
  1 => 'make',
  2 => 'serie',
  3 => 'ca-year',
  4 => 'mileage',
  5 => 'registracia',
  6 => 'fuel',
  7 => 'body',
  8 => 'drive',
  9 => 'price',
)
15.05.2022 18:06:14 - array (
  0 => 'add_media',
  1 => 'make',
  2 => 'serie',
  3 => 'ca-year',
  4 => 'mileage',
  5 => 'registracia',
  6 => 'fuel',
  7 => 'body',
  8 => 'drive',
  9 => 'price',
  10 => 'location',
)
16.05.2022 08:02:24 - array (
  0 => 'add_media',
  1 => 'make',
  2 => 'serie',
  3 => 'ca-year',
  4 => 'mileage',
  5 => 'registracia',
  6 => 'fuel',
  7 => 'body',
  8 => 'drive',
  9 => 'price',
  10 => 'location',
)
17.05.2022 06:25:21 - array (
  0 => 'add_media',
  1 => 'make',
  2 => 'serie',
  3 => 'ca-year',
  4 => 'mileage',
  5 => 'registracia',
  6 => 'fuel',
  7 => 'body',
  8 => 'drive',
  9 => 'price',
  10 => '',
)
17.05.2022 08:12:14 - array (
  0 => 'add_media',
  1 => 'make',
  2 => 'serie',
  3 => 'ca-year',
  4 => 'mileage',
  5 => 'registracia',
  6 => 'fuel',
  7 => 'body',
  8 => 'drive',
  9 => 'price',
  10 => '',
)
17.05.2022 08:15:58 - array (
  0 => 'add_media',
  1 => 'make',
  2 => 'serie',
  3 => 'ca-year',
  4 => 'mileage',
  5 => 'registracia',
  6 => 'fuel',
  7 => 'body',
  8 => 'drive',
  9 => 'price',
  10 => '',
)
17.05.2022 08:21:13 - array (
  0 => 'add_media',
  1 => 'make',
  2 => 'serie',
  3 => 'ca-year',
  4 => 'mileage',
  5 => 'registracia',
  6 => 'fuel',
  7 => 'body',
  8 => 'drive',
  9 => 'price',
  10 => '',
)
17.05.2022 08:25:22 - array (
  0 => 'add_media',
  1 => 'make',
  2 => 'serie',
  3 => 'ca-year',
  4 => 'mileage',
  5 => 'registracia',
  6 => 'fuel',
  7 => 'body',
  8 => 'drive',
  9 => 'price',
  10 => '',
)
18.10.2022 14:20:54 - array (
  0 => 'make',
  1 => 'fuel',
  2 => 'add_media',
)
18.10.2022 14:21:20 - array (
  0 => 'make',
  1 => 'fuel',
  2 => 'add_media',
)
18.10.2022 14:22:11 - array (
  0 => 'make',
  1 => 'fuel',
  2 => 'add_media',
)
18.10.2022 14:22:40 - array (
  0 => 'make',
  1 => 'fuel',
  2 => 'add_media',
)
18.10.2022 14:32:48 - array (
  0 => 'make',
  1 => 'fuel',
  2 => 'add_media',
)
18.10.2022 14:33:52 - array (
  0 => 'make',
  1 => 'fuel',
  2 => 'add_media',
)
18.10.2022 14:34:02 - array (
  0 => 'make',
  1 => 'fuel',
  2 => 'add_media',
)
18.10.2022 14:35:28 - array (
  0 => 'make',
  1 => 'fuel',
  2 => 'add_media',
)
18.10.2022 14:35:35 - array (
  0 => 'make',
  1 => 'fuel',
  2 => 'add_media',
)
18.10.2022 14:35:44 - array (
  0 => 'make',
  1 => 'fuel',
  2 => 'add_media',
)
18.10.2022 14:36:05 - array (
  0 => 'make',
  1 => 'fuel',
  2 => 'add_media',
)
18.10.2022 14:36:24 - array (
  0 => 'make',
  1 => 'fuel',
  2 => 'add_media',
)
18.10.2022 14:38:24 - array (
  0 => 'make',
  1 => 'fuel',
  2 => 'add_media',
)
18.10.2022 19:19:37 - array (
  0 => '',
)
18.10.2022 19:24:40 - array (
  0 => '',
  1 => '',
  2 => 'add_media',
  3 => 'body',
  4 => 'serie',
  5 => 'make',
  6 => 'ca-year',
)
18.10.2022 19:25:13 - array (
  0 => '',
  1 => '',
  2 => 'add_media',
  3 => 'body',
  4 => 'serie',
  5 => 'make',
  6 => 'ca-year',
)
18.10.2022 19:25:36 - array (
  0 => '',
  1 => '',
  2 => 'add_media',
  3 => 'body',
  4 => 'serie',
  5 => 'make',
  6 => 'ca-year',
)
18.10.2022 19:25:46 - array (
  0 => '',
  1 => '',
  2 => 'add_media',
  3 => 'body',
  4 => 'serie',
  5 => 'make',
  6 => 'ca-year',
)
18.10.2022 19:27:42 - array (
  0 => '',
  1 => '',
  2 => 'add_media',
  3 => 'body',
  4 => 'serie',
  5 => 'make',
  6 => 'ca-year',
)
18.10.2022 19:27:50 - array (
  0 => '',
  1 => '',
  2 => 'add_media',
  3 => 'body',
  4 => 'serie',
  5 => 'make',
  6 => 'ca-year',
)
18.10.2022 20:00:14 - array (
  0 => '',
  1 => '',
  2 => 'add_media',
  3 => 'body',
  4 => 'serie',
  5 => 'make',
  6 => 'ca-year',
)
18.10.2022 20:00:26 - array (
  0 => '',
  1 => '',
  2 => 'add_media',
  3 => 'body',
  4 => 'serie',
  5 => 'make',
  6 => 'ca-year',
)
18.10.2022 20:07:23 - array (
  0 => '',
  1 => '',
  2 => 'add_media',
  3 => 'body',
  4 => 'serie',
  5 => 'make',
  6 => 'ca-year',
)
18.10.2022 21:24:14 - array (
  0 => '',
  1 => '',
  2 => 'add_media',
  3 => 'body',
  4 => 'serie',
  5 => 'make',
  6 => 'ca-year',
)
18.10.2022 21:27:48 - array (
  0 => '',
  1 => '',
  2 => 'add_media',
  3 => 'body',
  4 => 'serie',
  5 => 'make',
  6 => 'ca-year',
)
19.10.2022 09:25:10 - array (
  0 => 'add_media',
  1 => 'make',
  2 => 'serie',
  3 => 'ca-year',
  4 => 'exterior-color',
)
19.10.2022 09:33:31 - array (
  0 => 'add_media',
  1 => 'make',
  2 => 'serie',
  3 => 'ca-year',
  4 => 'exterior-color',
)
19.10.2022 10:33:56 - array (
  0 => 'add_media',
  1 => 'make',
  2 => 'serie',
  3 => 'ca-year',
  4 => 'exterior-color',
)
19.10.2022 10:50:59 - array (
  0 => 'add_media',
  1 => 'make',
  2 => 'serie',
  3 => 'ca-year',
  4 => 'exterior-color',
)
19.10.2022 15:17:29 - array (
  0 => 'add_media',
  1 => 'make',
  2 => 'serie',
  3 => 'ca-year',
  4 => 'exterior-color',
)
19.10.2022 15:19:18 - array (
  0 => 'add_media',
  1 => 'make',
  2 => 'serie',
  3 => 'ca-year',
  4 => 'exterior-color',
)
19.10.2022 15:25:30 - array (
  0 => 'add_media',
  1 => 'make',
  2 => 'serie',
  3 => 'ca-year',
  4 => 'exterior-color',
)
19.10.2022 19:14:40 - array (
  0 => 'add_media',
  1 => 'make',
  2 => 'serie',
  3 => 'ca-year',
  4 => 'exterior-color',
)
19.10.2022 19:15:52 - array (
  0 => 'add_media',
  1 => 'make',
  2 => 'serie',
  3 => 'ca-year',
  4 => 'exterior-color',
)
19.10.2022 19:17:36 - array (
  0 => 'add_media',
  1 => 'make',
  2 => 'serie',
  3 => 'ca-year',
  4 => 'exterior-color',
)
19.10.2022 19:46:35 - array (
  0 => 'add_media',
  1 => 'make',
  2 => 'serie',
  3 => 'ca-year',
  4 => 'exterior-color',
)
19.10.2022 19:52:24 - array (
  0 => 'add_media',
  1 => 'make',
  2 => 'serie',
  3 => 'ca-year',
  4 => 'exterior-color',
)
19.10.2022 20:33:58 - array (
  0 => 'add_media',
  1 => 'make',
  2 => 'serie',
  3 => 'ca-year',
  4 => 'exterior-color',
)
19.10.2022 20:35:41 - array (
  0 => 'add_media',
  1 => 'make',
  2 => 'serie',
  3 => 'ca-year',
  4 => 'exterior-color',
)
19.10.2022 20:37:09 - array (
  0 => 'add_media',
  1 => 'make',
  2 => 'serie',
  3 => 'ca-year',
  4 => 'exterior-color',
)
19.10.2022 20:40:45 - array (
  0 => 'add_media',
  1 => 'make',
  2 => 'serie',
  3 => 'ca-year',
  4 => 'exterior-color',
)
19.10.2022 20:41:22 - array (
  0 => 'add_media',
  1 => 'make',
  2 => 'serie',
  3 => 'ca-year',
  4 => 'exterior-color',
)
19.10.2022 20:42:09 - array (
  0 => 'add_media',
  1 => 'make',
  2 => 'serie',
  3 => 'ca-year',
  4 => 'exterior-color',
)
19.10.2022 20:46:01 - array (
  0 => 'add_media',
  1 => 'make',
  2 => 'serie',
  3 => 'ca-year',
  4 => 'exterior-color',
)
19.10.2022 21:32:47 - array (
  0 => 'add_media',
  1 => 'make',
  2 => 'serie',
  3 => 'ca-year',
  4 => 'exterior-color',
)
19.10.2022 23:13:57 - array (
  0 => 'add_media',
  1 => 'make',
  2 => 'serie',
  3 => 'ca-year',
  4 => 'exterior-color',
)
19.10.2022 23:15:33 - array (
  0 => 'add_media',
  1 => 'make',
  2 => 'serie',
  3 => 'ca-year',
  4 => 'exterior-color',
)
19.10.2022 23:33:18 - array (
  0 => 'add_media',
  1 => 'make',
  2 => 'serie',
  3 => 'ca-year',
  4 => 'exterior-color',
)
19.10.2022 23:35:50 - array (
  0 => 'add_media',
  1 => 'make',
  2 => 'serie',
  3 => 'ca-year',
  4 => 'exterior-color',
)
20.10.2022 00:55:48 - array (
  0 => 'add_media',
  1 => 'make',
  2 => 'serie',
  3 => 'ca-year',
  4 => 'exterior-color',
)
20.10.2022 00:56:45 - array (
  0 => 'add_media',
  1 => 'make',
  2 => 'serie',
  3 => 'ca-year',
  4 => 'exterior-color',
)
20.10.2022 00:57:06 - array (
  0 => 'add_media',
  1 => 'make',
  2 => 'serie',
  3 => 'ca-year',
  4 => 'exterior-color',
)
20.10.2022 00:57:48 - array (
  0 => 'add_media',
  1 => 'make',
  2 => 'serie',
  3 => 'ca-year',
  4 => 'exterior-color',
)
20.10.2022 00:58:29 - array (
  0 => 'add_media',
  1 => 'make',
  2 => 'serie',
  3 => 'ca-year',
  4 => 'exterior-color',
)
20.10.2022 00:58:49 - array (
  0 => 'add_media',
  1 => 'make',
  2 => 'serie',
  3 => 'ca-year',
  4 => 'exterior-color',
)
20.10.2022 01:00:37 - array (
  0 => 'add_media',
  1 => 'make',
  2 => 'serie',
  3 => 'ca-year',
  4 => 'exterior-color',
)
20.10.2022 01:03:02 - array (
  0 => 'add_media',
  1 => 'make',
  2 => 'serie',
  3 => 'ca-year',
  4 => 'exterior-color',
)
20.10.2022 01:05:42 - array (
  0 => 'add_media',
  1 => 'make',
  2 => 'serie',
  3 => 'ca-year',
  4 => 'exterior-color',
)
20.10.2022 01:06:11 - array (
  0 => 'add_media',
  1 => 'make',
  2 => 'serie',
  3 => 'ca-year',
  4 => 'exterior-color',
)
20.10.2022 01:07:07 - array (
  0 => 'add_media',
  1 => 'make',
  2 => 'serie',
  3 => 'ca-year',
  4 => 'exterior-color',
)
20.10.2022 01:08:26 - array (
  0 => 'add_media',
  1 => 'make',
  2 => 'serie',
  3 => 'ca-year',
  4 => 'exterior-color',
)
20.10.2022 04:10:00 - array (
  0 => '-consumption',
  1 => '',
  2 => 'add_media',
  3 => '',
  4 => 'condition',
  5 => 'body',
  6 => 'make',
  7 => 'serie',
  8 => '',
)
20.10.2022 04:10:55 - array (
  0 => '-consumption',
  1 => '',
  2 => 'add_media',
  3 => '',
  4 => 'condition',
  5 => 'body',
  6 => 'make',
  7 => 'serie',
  8 => '',
)
20.10.2022 04:11:07 - array (
  0 => '-consumption',
  1 => '',
  2 => 'add_media',
  3 => '',
  4 => 'condition',
  5 => 'body',
  6 => 'make',
  7 => 'serie',
  8 => '',
)
20.10.2022 04:11:40 - array (
  0 => '-consumption',
  1 => '',
  2 => 'add_media',
  3 => '',
  4 => 'condition',
  5 => 'body',
  6 => 'make',
  7 => 'serie',
  8 => '',
)
20.10.2022 04:14:44 - array (
  0 => '-consumption',
  1 => '',
  2 => 'add_media',
  3 => '',
  4 => 'condition',
  5 => 'body',
  6 => 'make',
  7 => 'serie',
  8 => '',
)
20.10.2022 04:19:24 - array (
  0 => '-consumption',
  1 => '',
  2 => 'add_media',
  3 => '',
  4 => 'condition',
  5 => 'body',
  6 => 'make',
  7 => 'serie',
  8 => '',
)
20.10.2022 04:20:42 - array (
  0 => '-consumption',
  1 => '',
  2 => 'add_media',
  3 => '',
  4 => 'condition',
  5 => 'body',
  6 => 'make',
  7 => 'serie',
  8 => '',
)
20.10.2022 04:21:15 - array (
  0 => '-consumption',
  1 => '',
  2 => 'add_media',
  3 => '',
  4 => 'condition',
  5 => 'body',
  6 => 'make',
  7 => 'serie',
  8 => '',
)
20.10.2022 04:22:02 - array (
  0 => '-consumption',
  1 => '',
  2 => 'add_media',
  3 => '',
  4 => 'condition',
  5 => 'body',
  6 => 'make',
  7 => 'serie',
  8 => '',
)
20.10.2022 10:36:57 - array (
  0 => '-consumption',
  1 => '',
  2 => 'add_media',
  3 => '',
  4 => 'condition',
  5 => 'body',
  6 => 'make',
  7 => 'serie',
  8 => '',
)
20.10.2022 10:36:59 - array (
  0 => '-consumption',
  1 => '',
  2 => 'add_media',
  3 => '',
  4 => 'condition',
  5 => 'body',
  6 => 'make',
  7 => 'serie',
  8 => '',
)
20.10.2022 10:43:44 - array (
  0 => '-consumption',
  1 => '',
  2 => 'add_media',
  3 => '',
  4 => 'condition',
  5 => 'body',
  6 => 'make',
  7 => 'serie',
  8 => '',
)
20.10.2022 11:09:03 - array (
  0 => 'add_media',
  1 => 'body',
  2 => 'make',
  3 => 'condition',
  4 => 'exterior-color',
)
20.10.2022 12:25:27 - array (
  0 => 'add_media',
  1 => 'body',
  2 => 'make',
  3 => 'condition',
  4 => 'exterior-color',
  5 => 'serie',
)
20.10.2022 12:28:28 - array (
  0 => 'add_media',
  1 => 'body',
  2 => 'make',
  3 => 'condition',
  4 => 'exterior-color',
  5 => 'serie',
)
20.10.2022 12:28:52 - array (
  0 => 'add_media',
  1 => 'body',
  2 => 'make',
  3 => 'condition',
  4 => 'exterior-color',
  5 => 'serie',
)
20.10.2022 12:29:58 - array (
  0 => 'add_media',
  1 => 'body',
  2 => 'make',
  3 => 'condition',
  4 => 'exterior-color',
  5 => 'serie',
)
20.10.2022 15:53:00 - array (
  0 => 'add_media',
  1 => 'body',
  2 => 'make',
  3 => 'condition',
  4 => 'exterior-color',
  5 => 'serie',
)
21.10.2022 05:29:37 - array (
  0 => 'add_media',
  1 => 'body',
  2 => 'make',
  3 => 'condition',
  4 => 'exterior-color',
  5 => 'serie',
)
21.10.2022 06:23:57 - array (
  0 => 'add_media',
  1 => 'body',
  2 => 'make',
  3 => 'condition',
  4 => 'exterior-color',
  5 => 'serie',
)
21.10.2022 06:26:20 - array (
  0 => 'add_media',
  1 => 'body',
  2 => 'make',
  3 => 'condition',
  4 => 'serie',
)
21.10.2022 06:45:07 - array (
  0 => 'add_media',
  1 => 'body',
  2 => 'make',
  3 => 'condition',
  4 => 'serie',
  5 => 'location',
  6 => 'mileage',
  7 => 'fuel',
  8 => 'engine',
  9 => 'ca-year',
  10 => 'price',
  11 => 'fuel-consumption',
  12 => 'transmission',
  13 => 'drive',
  14 => 'fuel-economy',
  15 => 'exterior-color',
  16 => 'interior-color',
  17 => 'seller_notes',
  18 => 'stm_additional_features',
)
21.10.2022 11:56:43 - array (
  0 => 'add_media',
  1 => 'body',
  2 => 'make',
  3 => 'condition',
  4 => 'serie',
  5 => 'location',
  6 => 'mileage',
  7 => 'fuel',
  8 => 'engine',
  9 => 'ca-year',
  10 => 'transmission',
  11 => 'drive',
  12 => 'exterior-color',
  13 => 'interior-color',
  14 => 'seller_notes',
  15 => 'stm_additional_features',
  16 => 'price',
)
21.10.2022 11:57:58 - array (
  0 => 'add_media',
  1 => 'body',
  2 => 'make',
  3 => 'condition',
  4 => 'serie',
  5 => 'location',
  6 => 'mileage',
  7 => 'fuel',
  8 => 'engine',
  9 => 'ca-year',
  10 => 'transmission',
  11 => 'drive',
  12 => 'exterior-color',
  13 => 'interior-color',
  14 => 'seller_notes',
  15 => 'stm_additional_features',
  16 => 'price',
)
21.10.2022 11:58:40 - array (
  0 => 'add_media',
  1 => 'body',
  2 => 'make',
  3 => 'condition',
  4 => 'serie',
  5 => 'location',
  6 => 'mileage',
  7 => 'fuel',
  8 => 'engine',
  9 => 'ca-year',
  10 => 'transmission',
  11 => 'drive',
  12 => 'exterior-color',
  13 => 'interior-color',
  14 => 'seller_notes',
  15 => 'stm_additional_features',
  16 => 'price',
)
21.10.2022 11:59:48 - array (
  0 => 'add_media',
  1 => 'body',
  2 => 'make',
  3 => 'condition',
  4 => 'serie',
  5 => 'location',
  6 => 'mileage',
  7 => 'fuel',
  8 => 'engine',
  9 => 'ca-year',
  10 => 'transmission',
  11 => 'drive',
  12 => 'exterior-color',
  13 => 'interior-color',
  14 => 'seller_notes',
  15 => 'stm_additional_features',
  16 => 'price',
)
21.10.2022 12:00:35 - array (
  0 => 'add_media',
  1 => 'body',
  2 => 'make',
  3 => 'condition',
  4 => 'serie',
  5 => 'location',
  6 => 'mileage',
  7 => 'fuel',
  8 => 'engine',
  9 => 'ca-year',
  10 => 'transmission',
  11 => 'drive',
  12 => 'exterior-color',
  13 => 'interior-color',
  14 => 'seller_notes',
  15 => 'stm_additional_features',
  16 => 'price',
)
21.10.2022 13:12:10 - array (
  0 => 'add_media',
  1 => 'body',
  2 => 'serie',
  3 => 'ca-year',
  4 => 'condition',
  5 => 'make',
)
21.10.2022 13:19:00 - array (
  0 => 'add_media',
  1 => 'body',
  2 => 'serie',
  3 => 'ca-year',
  4 => 'condition',
  5 => 'make',
)
21.10.2022 21:53:59 - array (
  0 => 'add_media',
  1 => 'body',
  2 => 'serie',
  3 => 'ca-year',
  4 => 'condition',
  5 => 'make',
)
21.10.2022 21:57:14 - array (
  0 => 'add_media',
  1 => 'body',
  2 => 'serie',
  3 => 'ca-year',
  4 => 'condition',
  5 => 'make',
)
21.10.2022 21:57:17 - array (
  0 => 'add_media',
  1 => 'body',
  2 => 'serie',
  3 => 'ca-year',
  4 => 'condition',
  5 => 'make',
)
21.10.2022 22:28:00 - array (
  0 => 'add_media',
  1 => 'body',
  2 => 'serie',
  3 => 'ca-year',
  4 => 'condition',
  5 => 'make',
)
21.10.2022 22:30:56 - array (
  0 => 'add_media',
  1 => 'body',
  2 => 'serie',
  3 => 'ca-year',
  4 => 'condition',
  5 => 'make',
)
21.10.2022 22:37:06 - array (
  0 => 'add_media',
  1 => 'body',
  2 => 'serie',
  3 => 'ca-year',
  4 => 'condition',
  5 => 'make',
)
21.10.2022 23:00:11 - array (
  0 => 'add_media',
  1 => 'body',
  2 => 'serie',
  3 => 'ca-year',
  4 => 'condition',
  5 => 'make',
)
21.10.2022 23:51:15 - array (
  0 => 'add_media',
  1 => 'body',
  2 => 'serie',
  3 => 'ca-year',
  4 => 'condition',
  5 => 'make',
)
21.10.2022 23:52:52 - array (
  0 => 'add_media',
  1 => 'body',
  2 => 'serie',
  3 => 'ca-year',
  4 => 'condition',
  5 => 'make',
)
21.10.2022 23:53:34 - array (
  0 => 'add_media',
  1 => 'body',
  2 => 'serie',
  3 => 'ca-year',
  4 => 'condition',
  5 => 'make',
)
21.10.2022 23:54:12 - array (
  0 => 'add_media',
  1 => 'body',
  2 => 'serie',
  3 => 'ca-year',
  4 => 'condition',
  5 => 'make',
)
21.10.2022 23:54:57 - array (
  0 => 'add_media',
  1 => 'body',
  2 => 'serie',
  3 => 'ca-year',
  4 => 'condition',
  5 => 'make',
)
21.10.2022 23:55:24 - array (
  0 => 'add_media',
  1 => 'body',
  2 => 'serie',
  3 => 'ca-year',
  4 => 'condition',
  5 => 'make',
)
21.10.2022 23:55:50 - array (
  0 => 'add_media',
  1 => 'body',
  2 => 'serie',
  3 => 'ca-year',
  4 => 'condition',
  5 => 'make',
)
21.10.2022 23:56:55 - array (
  0 => 'add_media',
  1 => 'body',
  2 => 'serie',
  3 => 'ca-year',
  4 => 'condition',
  5 => 'make',
)
21.10.2022 23:58:07 - array (
  0 => 'add_media',
  1 => 'body',
  2 => 'serie',
  3 => 'ca-year',
  4 => 'condition',
  5 => 'make',
)
22.10.2022 00:01:34 - array (
  0 => 'add_media',
  1 => 'body',
  2 => 'serie',
  3 => 'ca-year',
  4 => 'condition',
  5 => 'make',
)
22.10.2022 00:02:08 - array (
  0 => 'add_media',
  1 => 'body',
  2 => 'serie',
  3 => 'ca-year',
  4 => 'condition',
  5 => 'make',
)
22.10.2022 00:03:27 - array (
  0 => 'add_media',
  1 => 'body',
  2 => 'serie',
  3 => 'ca-year',
  4 => 'condition',
  5 => 'make',
)
22.10.2022 00:04:25 - array (
  0 => 'add_media',
  1 => 'body',
  2 => 'serie',
  3 => 'ca-year',
  4 => 'condition',
  5 => 'make',
)
22.10.2022 00:07:35 - array (
  0 => 'add_media',
  1 => 'body',
  2 => 'serie',
  3 => 'ca-year',
  4 => 'condition',
  5 => 'make',
)
23.10.2022 12:26:21 - array (
  0 => 'add_media',
  1 => 'body',
  2 => 'serie',
  3 => 'ca-year',
  4 => 'condition',
  5 => 'make',
)
23.10.2022 12:35:45 - array (
  0 => 'add_media',
  1 => 'body',
  2 => 'serie',
  3 => 'ca-year',
  4 => 'condition',
  5 => 'make',
)
23.10.2022 12:37:42 - array (
  0 => 'add_media',
  1 => 'body',
  2 => 'serie',
  3 => 'ca-year',
  4 => 'condition',
  5 => 'make',
)
23.10.2022 12:52:13 - array (
  0 => 'add_media',
  1 => 'body',
  2 => 'serie',
  3 => 'ca-year',
  4 => 'condition',
  5 => 'make',
)
23.10.2022 12:52:42 - array (
  0 => 'add_media',
  1 => 'body',
  2 => 'serie',
  3 => 'ca-year',
  4 => 'condition',
  5 => 'make',
)
23.10.2022 12:53:02 - array (
  0 => 'add_media',
  1 => 'body',
  2 => 'serie',
  3 => 'ca-year',
  4 => 'condition',
  5 => 'make',
)
23.10.2022 12:54:11 - array (
  0 => 'add_media',
  1 => 'body',
  2 => 'serie',
  3 => 'ca-year',
  4 => 'condition',
  5 => 'make',
)
23.10.2022 12:55:03 - array (
  0 => 'add_media',
  1 => 'body',
  2 => 'serie',
  3 => 'ca-year',
  4 => 'condition',
  5 => 'make',
)
23.10.2022 12:55:40 - array (
  0 => 'add_media',
  1 => 'body',
  2 => 'serie',
  3 => 'ca-year',
  4 => 'condition',
  5 => 'make',
)
23.10.2022 12:56:26 - array (
  0 => 'add_media',
  1 => 'body',
  2 => 'serie',
  3 => 'ca-year',
  4 => 'condition',
  5 => 'make',
)
23.10.2022 12:57:42 - array (
  0 => 'add_media',
  1 => 'body',
  2 => 'serie',
  3 => 'ca-year',
  4 => 'condition',
  5 => 'make',
)
23.10.2022 14:47:14 - array (
  0 => 'add_media',
  1 => 'body',
  2 => 'serie',
  3 => 'ca-year',
  4 => 'condition',
  5 => 'make',
)
23.10.2022 15:56:32 - array (
  0 => 'add_media',
  1 => 'body',
  2 => 'serie',
  3 => 'ca-year',
  4 => 'condition',
  5 => 'make',
)
23.10.2022 16:00:18 - array (
  0 => 'add_media',
  1 => 'body',
  2 => 'serie',
  3 => 'ca-year',
  4 => 'condition',
  5 => 'make',
)
23.10.2022 19:57:47 - array (
  0 => 'add_media',
  1 => 'body',
  2 => 'serie',
  3 => 'ca-year',
  4 => 'condition',
  5 => 'make',
)
31.10.2022 11:49:29 - array (
  0 => 'add_media',
  1 => 'body',
  2 => 'serie',
  3 => 'ca-year',
  4 => 'condition',
  5 => 'make',
)
31.10.2022 12:47:08 - array (
  0 => 'add_media',
  1 => 'body',
  2 => 'serie',
  3 => 'ca-year',
  4 => 'condition',
  5 => 'make',
)
31.10.2022 12:47:34 - array (
  0 => 'add_media',
  1 => 'body',
  2 => 'serie',
  3 => 'ca-year',
  4 => 'condition',
  5 => 'make',
)
31.10.2022 12:48:02 - array (
  0 => 'add_media',
  1 => 'body',
  2 => 'serie',
  3 => 'ca-year',
  4 => 'condition',
  5 => 'make',
)
31.10.2022 12:51:44 - array (
  0 => 'add_media',
  1 => 'body',
  2 => 'serie',
  3 => 'ca-year',
  4 => 'condition',
  5 => 'make',
)
31.10.2022 12:56:48 - array (
  0 => 'add_media',
  1 => 'body',
  2 => 'serie',
  3 => 'ca-year',
  4 => 'condition',
  5 => 'make',
)
01.11.2022 08:57:57 - array (
  0 => 'add_media',
  1 => 'make',
  2 => 'serie',
  3 => 'condition',
  4 => 'ca-year',
)
01.11.2022 09:37:40 - array (
  0 => 'add_media',
  1 => 'make',
  2 => 'serie',
  3 => 'condition',
  4 => 'ca-year',
)
01.11.2022 09:40:16 - array (
  0 => 'add_media',
  1 => 'make',
  2 => 'serie',
  3 => 'condition',
  4 => 'ca-year',
)
01.11.2022 09:41:03 - array (
  0 => 'add_media',
  1 => 'make',
  2 => 'serie',
  3 => 'condition',
  4 => 'ca-year',
)
01.11.2022 09:42:36 - array (
  0 => 'add_media',
  1 => 'make',
  2 => 'serie',
  3 => 'condition',
  4 => 'ca-year',
)
01.11.2022 09:43:30 - array (
  0 => 'add_media',
  1 => 'make',
  2 => 'serie',
  3 => 'condition',
  4 => 'ca-year',
)
01.11.2022 09:45:30 - array (
  0 => 'add_media',
  1 => 'make',
  2 => 'serie',
  3 => 'condition',
  4 => 'ca-year',
)
01.11.2022 09:46:32 - array (
  0 => 'add_media',
  1 => 'make',
  2 => 'serie',
  3 => 'condition',
  4 => 'ca-year',
)
01.11.2022 10:39:08 - array (
  0 => 'add_media',
  1 => 'make',
  2 => 'serie',
  3 => 'condition',
  4 => 'ca-year',
)
01.11.2022 11:43:19 - array (
  0 => 'add_media',
  1 => 'make',
  2 => 'serie',
  3 => 'condition',
  4 => 'ca-year',
)
01.11.2022 12:49:39 - array (
  0 => 'add_media',
  1 => 'make',
  2 => 'serie',
  3 => 'condition',
  4 => 'ca-year',
)
01.11.2022 12:52:06 - array (
  0 => 'add_media',
  1 => 'make',
  2 => 'serie',
  3 => 'condition',
  4 => 'ca-year',
)
01.11.2022 14:32:58 - array (
  0 => 'add_media',
  1 => 'make',
  2 => 'serie',
  3 => 'condition',
  4 => 'ca-year',
)
02.11.2022 05:08:24 - array (
  0 => 'add_media',
  1 => 'make',
  2 => 'serie',
  3 => 'condition',
  4 => 'ca-year',
)
02.11.2022 05:15:30 - array (
  0 => 'add_media',
  1 => 'make',
  2 => 'serie',
  3 => 'condition',
  4 => 'ca-year',
)
02.11.2022 05:20:15 - array (
  0 => 'add_media',
  1 => 'make',
  2 => 'serie',
  3 => 'condition',
  4 => 'ca-year',
)
02.11.2022 06:56:38 - array (
  0 => 'add_media',
  1 => 'make',
  2 => 'serie',
  3 => 'condition',
  4 => 'ca-year',
)
02.11.2022 07:00:20 - array (
  0 => 'add_media',
  1 => 'make',
  2 => 'serie',
  3 => 'condition',
  4 => 'ca-year',
)
02.11.2022 07:01:30 - array (
  0 => 'add_media',
  1 => 'make',
  2 => 'serie',
  3 => 'condition',
  4 => 'ca-year',
)
02.11.2022 10:26:33 - array (
  0 => 'add_media',
  1 => 'make',
  2 => 'serie',
  3 => 'ca-year',
  4 => 'condition',
)
02.11.2022 10:28:41 - array (
  0 => 'add_media',
  1 => 'make',
  2 => 'serie',
  3 => 'ca-year',
  4 => 'condition',
)
02.11.2022 10:40:10 - array (
  0 => 'add_media',
  1 => 'make',
  2 => 'serie',
  3 => 'ca-year',
  4 => 'condition',
)
02.11.2022 11:32:51 - array (
  0 => 'add_media',
  1 => 'make',
  2 => 'serie',
  3 => 'ca-year',
  4 => 'condition',
)
03.11.2022 13:12:29 - array (
  0 => 'add_media',
  1 => 'make',
  2 => 'serie',
  3 => 'ca-year',
  4 => 'condition',
)
03.11.2022 13:15:40 - array (
  0 => 'add_media',
  1 => 'make',
  2 => 'serie',
  3 => 'ca-year',
  4 => 'condition',
)
03.11.2022 16:21:57 - array (
  0 => 'add_media',
  1 => 'make',
  2 => 'serie',
  3 => 'ca-year',
  4 => 'condition',
)
03.11.2022 16:24:37 - array (
  0 => 'add_media',
  1 => 'make',
  2 => 'serie',
  3 => 'ca-year',
  4 => 'condition',
)
03.11.2022 16:26:20 - array (
  0 => 'add_media',
  1 => 'make',
  2 => 'serie',
  3 => 'ca-year',
  4 => 'condition',
)
03.11.2022 16:37:14 - array (
  0 => 'add_media',
  1 => 'make',
  2 => 'serie',
  3 => 'ca-year',
  4 => 'condition',
)
03.11.2022 16:39:34 - array (
  0 => 'add_media',
  1 => 'make',
  2 => 'serie',
  3 => 'ca-year',
  4 => 'condition',
)
03.11.2022 16:44:51 - array (
  0 => 'add_media',
  1 => 'make',
  2 => 'serie',
  3 => 'ca-year',
  4 => 'condition',
)
03.11.2022 16:46:36 - array (
  0 => 'add_media',
  1 => 'make',
  2 => 'serie',
  3 => 'ca-year',
  4 => 'condition',
)
03.11.2022 16:48:38 - array (
  0 => 'add_media',
  1 => 'make',
  2 => 'serie',
  3 => 'ca-year',
  4 => 'condition',
)
03.11.2022 16:49:19 - array (
  0 => 'add_media',
  1 => 'make',
  2 => 'serie',
  3 => 'ca-year',
  4 => 'condition',
)
03.11.2022 16:50:53 - array (
  0 => 'add_media',
  1 => 'make',
  2 => 'serie',
  3 => 'ca-year',
  4 => 'condition',
)
03.11.2022 16:59:46 - array (
  0 => 'add_media',
  1 => 'make',
  2 => 'serie',
  3 => 'ca-year',
  4 => 'condition',
)
03.11.2022 17:02:10 - array (
  0 => 'add_media',
  1 => 'make',
  2 => 'serie',
  3 => 'ca-year',
  4 => 'condition',
)
04.11.2022 04:46:40 - array (
  0 => 'add_media',
  1 => 'make',
  2 => 'serie',
  3 => 'ca-year',
  4 => 'condition',
)
04.11.2022 04:48:20 - array (
  0 => 'add_media',
  1 => 'make',
  2 => 'serie',
  3 => 'ca-year',
  4 => 'condition',
)
04.11.2022 04:49:06 - array (
  0 => 'add_media',
  1 => 'make',
  2 => 'serie',
  3 => 'ca-year',
  4 => 'condition',
)
04.11.2022 04:49:18 - array (
  0 => 'add_media',
  1 => 'make',
  2 => 'serie',
  3 => 'ca-year',
  4 => 'condition',
)
04.11.2022 04:49:30 - array (
  0 => 'add_media',
  1 => 'make',
  2 => 'serie',
  3 => 'ca-year',
  4 => 'condition',
)
04.11.2022 04:51:43 - array (
  0 => 'add_media',
  1 => 'make',
  2 => 'serie',
  3 => 'ca-year',
  4 => 'condition',
)
04.11.2022 04:53:16 - array (
  0 => 'add_media',
  1 => 'make',
  2 => 'serie',
  3 => 'ca-year',
  4 => 'condition',
)
04.11.2022 05:10:50 - array (
  0 => 'add_media',
  1 => 'make',
  2 => 'serie',
  3 => 'ca-year',
  4 => 'condition',
)
04.11.2022 05:13:44 - array (
  0 => 'add_media',
  1 => 'make',
  2 => 'serie',
  3 => 'ca-year',
  4 => 'condition',
)
04.11.2022 05:37:57 - array (
  0 => 'add_media',
  1 => 'make',
  2 => 'serie',
  3 => 'ca-year',
  4 => 'condition',
)
04.11.2022 05:38:58 - array (
  0 => 'add_media',
  1 => 'make',
  2 => 'serie',
  3 => 'ca-year',
  4 => 'condition',
)
04.11.2022 05:46:27 - array (
  0 => 'add_media',
  1 => 'make',
  2 => 'serie',
  3 => 'ca-year',
  4 => 'condition',
)
04.11.2022 06:01:39 - array (
  0 => 'add_media',
  1 => 'make',
  2 => 'serie',
  3 => 'ca-year',
  4 => 'condition',
)
04.11.2022 08:50:39 - array (
  0 => 'add_media',
  1 => 'make',
  2 => 'serie',
  3 => 'ca-year',
  4 => 'condition',
)
04.11.2022 08:54:16 - array (
  0 => 'add_media',
  1 => 'make',
  2 => 'serie',
  3 => 'ca-year',
  4 => 'condition',
)
04.11.2022 08:59:17 - array (
  0 => 'add_media',
  1 => 'make',
  2 => 'serie',
  3 => 'ca-year',
  4 => 'condition',
)
04.11.2022 09:00:03 - array (
  0 => 'add_media',
  1 => 'make',
  2 => 'serie',
  3 => 'ca-year',
  4 => 'condition',
)
04.11.2022 09:13:59 - array (
  0 => 'add_media',
  1 => 'make',
  2 => 'serie',
  3 => 'ca-year',
  4 => 'condition',
)
04.11.2022 09:35:58 - array (
  0 => 'add_media',
  1 => 'make',
  2 => 'serie',
  3 => 'ca-year',
  4 => 'condition',
)
04.11.2022 10:31:31 - array (
  0 => 'add_media',
  1 => 'make',
  2 => 'serie',
  3 => 'ca-year',
  4 => 'condition',
)
04.11.2022 10:31:31 - array (
  0 => 'add_media',
  1 => 'make',
  2 => 'serie',
  3 => 'ca-year',
  4 => 'condition',
)
04.11.2022 10:40:27 - array (
  0 => 'add_media',
  1 => 'make',
  2 => 'serie',
  3 => 'ca-year',
  4 => 'condition',
)
04.11.2022 10:41:06 - array (
  0 => 'add_media',
  1 => 'make',
  2 => 'serie',
  3 => 'ca-year',
  4 => 'condition',
)
04.11.2022 11:04:13 - array (
  0 => 'add_media',
  1 => 'make',
  2 => 'serie',
  3 => 'ca-year',
  4 => 'condition',
)
04.11.2022 11:31:11 - array (
  0 => 'add_media',
  1 => 'make',
  2 => 'serie',
  3 => 'ca-year',
  4 => 'condition',
)
04.11.2022 11:56:05 - array (
  0 => 'add_media',
  1 => 'make',
  2 => 'serie',
  3 => 'ca-year',
  4 => 'condition',
)
04.11.2022 11:56:15 - array (
  0 => 'add_media',
  1 => 'make',
  2 => 'serie',
  3 => 'ca-year',
  4 => 'condition',
)
04.11.2022 11:56:29 - array (
  0 => 'add_media',
  1 => 'make',
  2 => 'serie',
  3 => 'ca-year',
  4 => 'condition',
)
04.11.2022 11:58:57 - array (
  0 => 'add_media',
  1 => 'make',
  2 => 'serie',
  3 => 'ca-year',
  4 => 'condition',
)
04.11.2022 11:59:54 - array (
  0 => 'add_media',
  1 => 'make',
  2 => 'serie',
  3 => 'ca-year',
  4 => 'condition',
)
04.11.2022 12:00:45 - array (
  0 => 'add_media',
  1 => 'make',
  2 => 'serie',
  3 => 'ca-year',
  4 => 'condition',
)
04.11.2022 12:03:27 - array (
  0 => 'add_media',
  1 => 'make',
  2 => 'serie',
  3 => 'ca-year',
  4 => 'condition',
)
04.11.2022 12:04:09 - array (
  0 => 'add_media',
  1 => 'make',
  2 => 'serie',
  3 => 'ca-year',
  4 => 'condition',
)
04.11.2022 12:04:58 - array (
  0 => 'add_media',
  1 => 'make',
  2 => 'serie',
  3 => 'ca-year',
  4 => 'condition',
)
04.11.2022 12:54:34 - array (
  0 => 'add_media',
  1 => 'make',
  2 => 'serie',
  3 => 'ca-year',
  4 => 'condition',
)
04.11.2022 12:55:02 - array (
  0 => 'add_media',
  1 => 'make',
  2 => 'serie',
  3 => 'ca-year',
  4 => 'condition',
)
04.11.2022 12:55:37 - array (
  0 => 'add_media',
  1 => 'make',
  2 => 'serie',
  3 => 'ca-year',
  4 => 'condition',
)
04.11.2022 12:55:53 - array (
  0 => 'add_media',
  1 => 'make',
  2 => 'serie',
  3 => 'ca-year',
  4 => 'condition',
)
05.11.2022 15:39:28 - array (
  0 => 'add_media',
  1 => 'make',
  2 => 'serie',
  3 => 'ca-year',
  4 => 'condition',
)
06.11.2022 14:16:19 - array (
  0 => 'add_media',
  1 => 'make',
  2 => 'serie',
  3 => 'ca-year',
  4 => 'condition',
)
06.11.2022 20:24:03 - array (
  0 => 'add_media',
  1 => 'make',
  2 => 'serie',
  3 => 'ca-year',
  4 => 'condition',
)
06.11.2022 20:25:09 - array (
  0 => 'add_media',
  1 => 'make',
  2 => 'serie',
  3 => 'ca-year',
  4 => 'condition',
)
07.11.2022 04:25:47 - array (
  0 => 'add_media',
  1 => 'make',
  2 => 'serie',
  3 => 'ca-year',
  4 => 'condition',
)
07.11.2022 04:39:21 - array (
  0 => 'add_media',
  1 => 'make',
  2 => 'serie',
  3 => 'ca-year',
  4 => 'condition',
)
07.11.2022 04:57:51 - array (
  0 => 'add_media',
  1 => 'make',
  2 => 'serie',
  3 => 'ca-year',
  4 => 'condition',
)
07.11.2022 04:58:19 - array (
  0 => 'add_media',
  1 => 'make',
  2 => 'serie',
  3 => 'ca-year',
  4 => 'condition',
)
07.11.2022 04:59:31 - array (
  0 => 'add_media',
  1 => 'make',
  2 => 'serie',
  3 => 'ca-year',
  4 => 'condition',
)
07.11.2022 05:09:15 - array (
  0 => 'add_media',
  1 => 'make',
  2 => 'serie',
  3 => 'ca-year',
  4 => 'condition',
)
07.11.2022 05:09:44 - array (
  0 => 'add_media',
  1 => 'make',
  2 => 'serie',
  3 => 'ca-year',
  4 => 'condition',
)
07.11.2022 05:31:58 - array (
  0 => 'add_media',
  1 => 'make',
  2 => 'serie',
  3 => 'ca-year',
  4 => 'condition',
)
07.11.2022 05:39:07 - array (
  0 => 'add_media',
  1 => 'make',
  2 => 'serie',
  3 => 'ca-year',
  4 => 'condition',
)
09.11.2022 10:08:25 - array (
  0 => 'add_media',
  1 => 'make',
  2 => 'serie',
  3 => 'ca-year',
  4 => 'condition',
)
09.11.2022 10:10:15 - array (
  0 => 'add_media',
  1 => 'make',
  2 => 'serie',
  3 => 'ca-year',
  4 => 'condition',
)
10.11.2022 13:03:28 - array (
  0 => 'add_media',
  1 => 'make',
  2 => 'serie',
  3 => 'ca-year',
  4 => 'condition',
)
11.11.2022 11:37:58 - array (
  0 => 'add_media',
  1 => 'make',
  2 => 'serie',
  3 => 'ca-year',
  4 => 'condition',
)
11.11.2022 11:44:13 - array (
  0 => 'add_media',
  1 => 'make',
  2 => 'serie',
  3 => 'ca-year',
  4 => 'condition',
)
13.11.2022 17:36:20 - array (
  0 => 'add_media',
  1 => 'make',
  2 => 'serie',
  3 => 'ca-year',
  4 => 'condition',
)
13.11.2022 17:37:21 - array (
  0 => 'add_media',
  1 => 'make',
  2 => 'serie',
  3 => 'ca-year',
  4 => 'condition',
)
13.11.2022 17:38:27 - array (
  0 => 'add_media',
  1 => 'make',
  2 => 'serie',
  3 => 'ca-year',
  4 => 'condition',
)
13.11.2022 17:39:15 - array (
  0 => 'add_media',
  1 => 'make',
  2 => 'serie',
  3 => 'ca-year',
  4 => 'condition',
)
13.11.2022 17:48:23 - array (
  0 => 'add_media',
  1 => 'make',
  2 => 'serie',
  3 => 'ca-year',
  4 => 'condition',
)
13.11.2022 17:49:29 - array (
  0 => 'add_media',
  1 => 'make',
  2 => 'serie',
  3 => 'ca-year',
  4 => 'condition',
)
13.11.2022 17:50:49 - array (
  0 => 'add_media',
  1 => 'make',
  2 => 'serie',
  3 => 'ca-year',
  4 => 'condition',
)
14.11.2022 11:02:04 - array (
  0 => 'add_media',
  1 => 'make',
  2 => 'serie',
  3 => 'ca-year',
  4 => 'condition',
)
14.11.2022 11:02:57 - array (
  0 => 'add_media',
  1 => 'make',
  2 => 'serie',
  3 => 'ca-year',
  4 => 'condition',
)
14.11.2022 11:56:06 - array (
  0 => 'add_media',
  1 => 'make',
  2 => 'serie',
  3 => 'ca-year',
  4 => 'condition',
)
14.11.2022 11:56:24 - array (
  0 => 'add_media',
  1 => 'make',
  2 => 'serie',
  3 => 'ca-year',
  4 => 'condition',
)
14.11.2022 11:59:04 - array (
  0 => 'add_media',
  1 => 'make',
  2 => 'serie',
  3 => 'ca-year',
  4 => 'condition',
)
14.11.2022 20:02:39 - array (
  0 => 'add_media',
  1 => 'make',
  2 => 'serie',
  3 => 'ca-year',
  4 => 'condition',
)
14.11.2022 20:04:23 - array (
  0 => 'add_media',
  1 => 'make',
  2 => 'serie',
  3 => 'ca-year',
  4 => 'condition',
)
16.11.2022 17:21:02 - array (
  0 => 'add_media',
  1 => 'make',
  2 => 'serie',
  3 => 'ca-year',
  4 => 'condition',
)
16.11.2022 17:21:36 - array (
  0 => 'add_media',
  1 => 'make',
  2 => 'serie',
  3 => 'ca-year',
  4 => 'condition',
)
16.11.2022 17:22:11 - array (
  0 => 'add_media',
  1 => 'make',
  2 => 'serie',
  3 => 'ca-year',
  4 => 'condition',
)
16.11.2022 17:24:43 - array (
  0 => 'add_media',
  1 => 'make',
  2 => 'serie',
  3 => 'ca-year',
  4 => 'condition',
)
16.11.2022 17:26:48 - array (
  0 => 'add_media',
  1 => 'make',
  2 => 'serie',
  3 => 'ca-year',
  4 => 'condition',
)
16.11.2022 17:27:41 - array (
  0 => 'add_media',
  1 => 'make',
  2 => 'serie',
  3 => 'ca-year',
  4 => 'condition',
)
16.11.2022 17:28:10 - array (
  0 => 'add_media',
  1 => 'make',
  2 => 'serie',
  3 => 'ca-year',
  4 => 'condition',
)
21.11.2022 07:04:30 - array (
  0 => 'add_media',
  1 => 'make',
  2 => 'serie',
  3 => 'ca-year',
  4 => 'condition',
)
21.11.2022 07:09:54 - array (
  0 => 'add_media',
  1 => 'make',
  2 => 'serie',
  3 => 'ca-year',
  4 => 'condition',
)
21.11.2022 07:33:06 - array (
  0 => 'add_media',
  1 => 'make',
  2 => 'serie',
  3 => 'ca-year',
  4 => 'condition',
)
25.07.2023 08:46:50 - array (
  0 => 'add_media',
  1 => 'make',
  2 => 'serie',
  3 => 'ca-year',
  4 => 'trim',
  5 => 'body',
  6 => 'engine',
)
25.07.2023 08:51:21 - array (
  0 => 'add_media',
  1 => 'make',
  2 => 'serie',
  3 => 'ca-year',
  4 => 'trim',
  5 => 'body',
  6 => 'engine',
)
25.07.2023 09:05:46 - array (
  0 => 'add_media',
  1 => 'make',
  2 => 'serie',
  3 => 'ca-year',
  4 => 'trim',
  5 => 'body',
  6 => 'engine',
)
26.07.2023 08:45:52 - array (
  0 => 'add_media',
  1 => 'make',
  2 => 'serie',
  3 => 'ca-year',
  4 => 'trim',
  5 => 'body',
  6 => 'condition',
)
26.07.2023 08:47:08 - array (
  0 => 'add_media',
  1 => 'make',
  2 => 'serie',
  3 => 'ca-year',
  4 => 'trim',
  5 => 'body',
  6 => 'condition',
)
01.08.2023 09:35:42 - array (
  0 => 'add_media',
  1 => 'make',
  2 => 'serie',
  3 => 'ca-year',
  4 => 'trim',
  5 => 'body',
  6 => 'condition',
)
01.08.2023 09:36:22 - array (
  0 => 'add_media',
  1 => 'make',
  2 => 'serie',
  3 => 'ca-year',
  4 => 'trim',
  5 => 'body',
  6 => 'condition',
)
02.08.2023 07:32:30 - array (
  0 => 'add_media',
  1 => 'make',
  2 => 'serie',
  3 => 'ca-year',
  4 => 'trim',
  5 => 'body',
  6 => 'condition',
)
02.08.2023 07:32:57 - array (
  0 => 'add_media',
  1 => 'make',
  2 => 'serie',
  3 => 'ca-year',
  4 => 'trim',
  5 => 'body',
  6 => 'condition',
)
05.08.2023 07:45:44 - array (
  0 => 'add_media',
  1 => 'make',
  2 => 'serie',
  3 => 'ca-year',
  4 => 'trim',
  5 => 'body',
  6 => 'condition',
)
07.08.2023 22:03:23 - array (
  0 => 'add_media',
  1 => 'make',
  2 => 'serie',
  3 => 'ca-year',
  4 => 'trim',
  5 => 'body',
  6 => 'condition',
)
07.08.2023 22:08:16 - array (
  0 => 'add_media',
  1 => 'make',
  2 => 'serie',
  3 => 'ca-year',
  4 => 'trim',
  5 => 'body',
  6 => 'condition',
)
07.08.2023 22:09:17 - array (
  0 => 'add_media',
  1 => 'make',
  2 => 'serie',
  3 => 'ca-year',
  4 => 'trim',
  5 => 'body',
  6 => 'condition',
)
07.08.2023 22:10:33 - array (
  0 => 'add_media',
  1 => 'make',
  2 => 'serie',
  3 => 'ca-year',
  4 => 'trim',
  5 => 'body',
  6 => 'condition',
)
07.08.2023 22:12:37 - array (
  0 => 'add_media',
  1 => 'make',
  2 => 'serie',
  3 => 'ca-year',
  4 => 'trim',
  5 => 'body',
  6 => 'condition',
)
07.08.2023 22:14:15 - array (
  0 => 'add_media',
  1 => 'make',
  2 => 'serie',
  3 => 'ca-year',
  4 => 'trim',
  5 => 'body',
  6 => 'condition',
)
07.08.2023 22:17:19 - array (
  0 => 'add_media',
  1 => 'make',
  2 => 'serie',
  3 => 'ca-year',
  4 => 'trim',
  5 => 'body',
  6 => 'condition',
)
07.08.2023 22:18:01 - array (
  0 => 'add_media',
  1 => 'make',
  2 => 'serie',
  3 => 'ca-year',
  4 => 'trim',
  5 => 'body',
  6 => 'condition',
)
07.08.2023 22:18:29 - array (
  0 => 'add_media',
  1 => 'make',
  2 => 'serie',
  3 => 'ca-year',
  4 => 'trim',
  5 => 'body',
  6 => 'condition',
)
07.08.2023 22:19:45 - array (
  0 => 'add_media',
  1 => 'make',
  2 => 'serie',
  3 => 'ca-year',
  4 => 'trim',
  5 => 'body',
  6 => 'condition',
)
07.08.2023 22:21:24 - array (
  0 => 'add_media',
  1 => 'make',
  2 => 'serie',
  3 => 'ca-year',
  4 => 'trim',
  5 => 'body',
  6 => 'condition',
)
07.08.2023 22:21:30 - array (
  0 => 'add_media',
  1 => 'make',
  2 => 'serie',
  3 => 'ca-year',
  4 => 'trim',
  5 => 'body',
  6 => 'condition',
)
07.08.2023 22:22:16 - array (
  0 => 'add_media',
  1 => 'make',
  2 => 'serie',
  3 => 'ca-year',
  4 => 'trim',
  5 => 'body',
  6 => 'condition',
)
07.08.2023 22:23:11 - array (
  0 => 'add_media',
  1 => 'make',
  2 => 'serie',
  3 => 'ca-year',
  4 => 'trim',
  5 => 'body',
  6 => 'condition',
)
07.08.2023 22:32:24 - array (
  0 => 'add_media',
  1 => 'make',
  2 => 'serie',
  3 => 'ca-year',
  4 => 'trim',
  5 => 'body',
  6 => 'condition',
)
07.08.2023 22:32:34 - array (
  0 => 'add_media',
  1 => 'make',
  2 => 'serie',
  3 => 'ca-year',
  4 => 'trim',
  5 => 'body',
  6 => 'condition',
)
07.08.2023 22:33:36 - array (
  0 => 'add_media',
  1 => 'make',
  2 => 'serie',
  3 => 'ca-year',
  4 => 'trim',
  5 => 'body',
  6 => 'condition',
)
07.08.2023 22:35:36 - array (
  0 => 'add_media',
  1 => 'make',
  2 => 'serie',
  3 => 'ca-year',
  4 => 'trim',
  5 => 'body',
  6 => 'condition',
)
07.08.2023 22:36:19 - array (
  0 => 'add_media',
  1 => 'make',
  2 => 'serie',
  3 => 'ca-year',
  4 => 'trim',
  5 => 'body',
  6 => 'condition',
)
07.08.2023 22:37:03 - array (
  0 => 'add_media',
  1 => 'make',
  2 => 'serie',
  3 => 'ca-year',
  4 => 'trim',
  5 => 'body',
  6 => 'condition',
)
07.08.2023 22:37:25 - array (
  0 => 'add_media',
  1 => 'make',
  2 => 'serie',
  3 => 'ca-year',
  4 => 'trim',
  5 => 'body',
  6 => 'condition',
)
08.08.2023 18:07:00 - array (
  0 => 'add_media',
  1 => 'make',
  2 => 'serie',
  3 => 'ca-year',
  4 => 'trim',
  5 => 'body',
  6 => 'condition',
)
08.08.2023 18:09:27 - array (
  0 => 'add_media',
  1 => 'make',
  2 => 'serie',
  3 => 'ca-year',
  4 => 'trim',
  5 => 'body',
  6 => 'condition',
)
09.08.2023 06:26:02 - array (
  0 => 'add_media',
  1 => 'make',
  2 => 'serie',
  3 => 'ca-year',
  4 => 'trim',
  5 => 'body',
  6 => 'condition',
)
09.08.2023 06:52:12 - array (
  0 => 'add_media',
  1 => 'make',
  2 => 'serie',
  3 => 'ca-year',
  4 => 'trim',
  5 => 'body',
  6 => 'condition',
)
09.08.2023 06:58:58 - array (
  0 => 'add_media',
  1 => 'make',
  2 => 'serie',
  3 => 'ca-year',
  4 => 'trim',
  5 => 'body',
  6 => 'condition',
)
09.08.2023 07:00:44 - array (
  0 => 'add_media',
  1 => 'make',
  2 => 'serie',
  3 => 'ca-year',
  4 => 'trim',
  5 => 'body',
  6 => 'condition',
)
09.08.2023 07:00:59 - array (
  0 => 'add_media',
  1 => 'make',
  2 => 'serie',
  3 => 'ca-year',
  4 => 'trim',
  5 => 'body',
  6 => 'condition',
)
09.08.2023 07:01:24 - array (
  0 => 'add_media',
  1 => 'make',
  2 => 'serie',
  3 => 'ca-year',
  4 => 'trim',
  5 => 'body',
  6 => 'condition',
)
09.08.2023 07:01:44 - array (
  0 => 'add_media',
  1 => 'make',
  2 => 'serie',
  3 => 'ca-year',
  4 => 'trim',
  5 => 'body',
  6 => 'condition',
)
09.08.2023 07:01:52 - array (
  0 => 'add_media',
  1 => 'make',
  2 => 'serie',
  3 => 'ca-year',
  4 => 'trim',
  5 => 'body',
  6 => 'condition',
)
09.08.2023 07:04:05 - array (
  0 => 'add_media',
  1 => 'make',
  2 => 'serie',
  3 => 'ca-year',
  4 => 'trim',
  5 => 'body',
  6 => 'condition',
)
09.08.2023 07:06:13 - array (
  0 => 'add_media',
  1 => 'make',
  2 => 'serie',
  3 => 'ca-year',
  4 => 'trim',
  5 => 'body',
  6 => 'condition',
)
09.08.2023 07:07:27 - array (
  0 => 'add_media',
  1 => 'make',
  2 => 'serie',
  3 => 'ca-year',
  4 => 'trim',
  5 => 'body',
  6 => 'condition',
)
09.08.2023 07:14:53 - array (
  0 => 'add_media',
  1 => 'make',
  2 => 'serie',
  3 => 'ca-year',
  4 => 'trim',
  5 => 'body',
  6 => 'condition',
)
09.08.2023 07:19:00 - array (
  0 => 'add_media',
  1 => 'make',
  2 => 'serie',
  3 => 'ca-year',
  4 => 'trim',
  5 => 'body',
  6 => 'condition',
)
09.08.2023 07:19:59 - array (
  0 => 'add_media',
  1 => 'make',
  2 => 'serie',
  3 => 'ca-year',
  4 => 'trim',
  5 => 'body',
  6 => 'condition',
)
09.08.2023 07:29:43 - array (
  0 => 'add_media',
  1 => 'make',
  2 => 'serie',
  3 => 'ca-year',
  4 => 'trim',
  5 => 'body',
  6 => 'condition',
)
09.08.2023 07:29:47 - array (
  0 => 'add_media',
  1 => 'make',
  2 => 'serie',
  3 => 'ca-year',
  4 => 'trim',
  5 => 'body',
  6 => 'condition',
)
09.08.2023 07:30:50 - array (
  0 => 'add_media',
  1 => 'make',
  2 => 'serie',
  3 => 'ca-year',
  4 => 'trim',
  5 => 'body',
  6 => 'condition',
)
09.08.2023 07:42:02 - array (
  0 => 'add_media',
  1 => 'make',
  2 => 'serie',
  3 => 'ca-year',
  4 => 'trim',
  5 => 'body',
  6 => 'condition',
)
09.08.2023 07:42:53 - array (
  0 => 'add_media',
  1 => 'make',
  2 => 'serie',
  3 => 'ca-year',
  4 => 'trim',
  5 => 'body',
  6 => 'condition',
)
09.08.2023 07:43:01 - array (
  0 => 'add_media',
  1 => 'make',
  2 => 'serie',
  3 => 'ca-year',
  4 => 'trim',
  5 => 'body',
  6 => 'condition',
)
09.08.2023 07:43:07 - array (
  0 => 'add_media',
  1 => 'make',
  2 => 'serie',
  3 => 'ca-year',
  4 => 'trim',
  5 => 'body',
  6 => 'condition',
)
09.08.2023 07:43:12 - array (
  0 => 'add_media',
  1 => 'make',
  2 => 'serie',
  3 => 'ca-year',
  4 => 'trim',
  5 => 'body',
  6 => 'condition',
)
09.08.2023 07:44:23 - array (
  0 => 'add_media',
  1 => 'make',
  2 => 'serie',
  3 => 'ca-year',
  4 => 'trim',
  5 => 'body',
  6 => 'condition',
)
09.08.2023 07:44:38 - array (
  0 => 'add_media',
  1 => 'make',
  2 => 'serie',
  3 => 'ca-year',
  4 => 'trim',
  5 => 'body',
  6 => 'condition',
)
09.08.2023 07:44:46 - array (
  0 => 'add_media',
  1 => 'make',
  2 => 'serie',
  3 => 'ca-year',
  4 => 'trim',
  5 => 'body',
  6 => 'condition',
)
09.08.2023 07:45:16 - array (
  0 => 'add_media',
  1 => 'make',
  2 => 'serie',
  3 => 'ca-year',
  4 => 'trim',
  5 => 'body',
  6 => 'condition',
)
09.08.2023 07:45:39 - array (
  0 => 'add_media',
  1 => 'make',
  2 => 'serie',
  3 => 'ca-year',
  4 => 'trim',
  5 => 'body',
  6 => '',
)
09.08.2023 07:45:48 - array (
  0 => 'add_media',
  1 => 'make',
  2 => 'serie',
  3 => 'ca-year',
  4 => 'trim',
  5 => 'body',
  6 => '',
)
09.08.2023 07:46:39 - array (
  0 => 'add_media',
  1 => 'make',
  2 => 'serie',
  3 => 'ca-year',
  4 => 'trim',
  5 => 'body',
  6 => 'condition',
)
09.08.2023 07:46:45 - array (
  0 => 'add_media',
  1 => 'make',
  2 => 'serie',
  3 => 'ca-year',
  4 => 'trim',
  5 => 'body',
  6 => 'condition',
)
09.08.2023 07:46:56 - array (
  0 => 'add_media',
  1 => 'make',
  2 => 'serie',
  3 => 'ca-year',
  4 => 'trim',
  5 => 'body',
  6 => 'condition',
)
09.08.2023 07:47:04 - array (
  0 => 'add_media',
  1 => 'make',
  2 => 'serie',
  3 => 'ca-year',
  4 => 'trim',
  5 => 'body',
  6 => 'condition',
)
09.08.2023 07:49:15 - array (
  0 => 'add_media',
  1 => 'make',
  2 => 'serie',
  3 => 'ca-year',
  4 => 'trim',
  5 => 'body',
  6 => 'condition',
)
09.08.2023 07:56:58 - array (
  0 => 'add_media',
  1 => 'make',
  2 => 'serie',
  3 => 'ca-year',
  4 => 'trim',
  5 => 'body',
  6 => 'condition',
)
09.08.2023 07:57:57 - array (
  0 => 'add_media',
  1 => 'make',
  2 => 'serie',
  3 => 'ca-year',
  4 => 'trim',
  5 => 'body',
  6 => 'condition',
)
09.08.2023 08:01:42 - array (
  0 => 'add_media',
  1 => 'make',
  2 => 'serie',
  3 => 'ca-year',
  4 => 'trim',
  5 => 'body',
  6 => 'condition',
)
09.08.2023 08:02:26 - array (
  0 => 'add_media',
  1 => 'make',
  2 => 'serie',
  3 => 'ca-year',
  4 => 'trim',
  5 => 'body',
  6 => 'condition',
)
09.08.2023 08:02:43 - array (
  0 => 'add_media',
  1 => 'make',
  2 => 'serie',
  3 => 'ca-year',
  4 => 'trim',
  5 => 'body',
  6 => 'condition',
)
09.08.2023 08:05:10 - array (
  0 => 'add_media',
  1 => 'make',
  2 => 'serie',
  3 => 'ca-year',
  4 => 'trim',
  5 => 'body',
  6 => 'condition',
)
09.08.2023 08:05:43 - array (
  0 => 'add_media',
  1 => 'make',
  2 => 'serie',
  3 => 'ca-year',
  4 => 'trim',
  5 => 'body',
  6 => 'condition',
)
09.08.2023 08:20:44 - array (
  0 => 'add_media',
  1 => 'make',
  2 => 'serie',
  3 => 'ca-year',
  4 => 'trim',
  5 => 'body',
  6 => 'condition',
)
09.08.2023 11:22:15 - array (
  0 => 'add_media',
  1 => 'make',
  2 => 'serie',
  3 => 'ca-year',
  4 => 'trim',
  5 => 'body',
  6 => 'condition',
)
09.08.2023 11:23:47 - array (
  0 => 'add_media',
  1 => 'make',
  2 => 'serie',
  3 => 'ca-year',
  4 => 'trim',
  5 => 'body',
  6 => 'condition',
)
09.08.2023 11:25:58 - array (
  0 => 'add_media',
  1 => 'make',
  2 => 'serie',
  3 => 'ca-year',
  4 => 'trim',
  5 => 'body',
  6 => 'condition',
)
09.08.2023 11:27:36 - array (
  0 => 'add_media',
  1 => 'make',
  2 => 'serie',
  3 => 'ca-year',
  4 => 'trim',
  5 => 'body',
  6 => 'condition',
)
13.08.2023 10:10:59 - array (
  0 => 'add_media',
  1 => 'make',
  2 => 'serie',
  3 => 'ca-year',
  4 => 'trim',
  5 => 'body',
  6 => 'condition',
)
14.08.2023 11:35:35 - array (
  0 => 'add_media',
  1 => 'make',
  2 => 'serie',
  3 => 'ca-year',
  4 => 'trim',
  5 => 'body',
  6 => 'condition',
)
24.08.2023 06:39:43 - array (
  0 => 'add_media',
  1 => 'make',
  2 => 'serie',
  3 => 'ca-year',
  4 => 'trim',
  5 => 'body',
  6 => 'condition',
)
25.08.2023 09:26:57 - array (
  0 => 'add_media',
  1 => 'make',
  2 => 'serie',
  3 => 'ca-year',
  4 => 'trim',
  5 => 'body',
  6 => 'condition',
)
27.08.2023 22:05:43 - array (
  0 => 'add_media',
  1 => 'make',
  2 => 'serie',
  3 => 'ca-year',
  4 => 'trim',
  5 => 'body',
  6 => 'condition',
)
27.08.2023 22:06:08 - array (
  0 => 'add_media',
  1 => 'make',
  2 => 'serie',
  3 => 'ca-year',
  4 => 'trim',
  5 => 'body',
  6 => 'condition',
)
27.08.2023 22:10:07 - array (
  0 => 'add_media',
  1 => 'make',
  2 => 'serie',
  3 => 'ca-year',
  4 => 'trim',
  5 => 'body',
  6 => 'condition',
)
27.08.2023 22:10:19 - array (
  0 => 'add_media',
  1 => 'make',
  2 => 'serie',
  3 => 'ca-year',
  4 => 'trim',
  5 => 'body',
  6 => 'condition',
)
04.09.2023 12:31:19 - array (
  0 => 'add_media',
  1 => 'make',
  2 => 'serie',
  3 => 'ca-year',
  4 => 'trim',
  5 => 'body',
  6 => 'condition',
)
04.09.2023 12:31:27 - array (
  0 => 'add_media',
  1 => 'make',
  2 => 'serie',
  3 => 'ca-year',
  4 => 'trim',
  5 => 'body',
  6 => 'condition',
)
04.09.2023 12:31:38 - array (
  0 => 'add_media',
  1 => 'make',
  2 => 'serie',
  3 => 'ca-year',
  4 => 'trim',
  5 => 'body',
  6 => 'condition',
)
04.09.2023 12:31:55 - array (
  0 => 'add_media',
  1 => 'make',
  2 => 'serie',
  3 => 'ca-year',
  4 => 'trim',
  5 => 'body',
  6 => 'condition',
)
05.09.2023 14:12:16 - array (
  0 => 'add_media',
  1 => 'make',
  2 => 'serie',
  3 => 'ca-year',
  4 => 'trim',
  5 => 'body',
  6 => 'condition',
)
08.09.2023 08:45:52 - array (
  0 => 'add_media',
  1 => 'make',
  2 => 'serie',
  3 => 'ca-year',
  4 => 'trim',
  5 => 'body',
  6 => 'condition',
)
08.09.2023 08:46:24 - array (
  0 => 'add_media',
  1 => 'make',
  2 => 'serie',
  3 => 'ca-year',
  4 => 'trim',
  5 => 'body',
  6 => 'condition',
)
08.09.2023 08:50:45 - array (
  0 => 'add_media',
  1 => 'make',
  2 => 'serie',
  3 => 'ca-year',
  4 => 'trim',
  5 => 'body',
  6 => 'condition',
)
08.09.2023 08:53:03 - array (
  0 => 'add_media',
  1 => 'make',
  2 => 'serie',
  3 => 'ca-year',
  4 => 'trim',
  5 => 'body',
  6 => 'condition',
)
08.09.2023 08:58:49 - array (
  0 => 'add_media',
  1 => 'make',
  2 => 'serie',
  3 => 'ca-year',
  4 => 'trim',
  5 => 'body',
  6 => 'condition',
)
08.09.2023 09:02:52 - array (
  0 => 'add_media',
  1 => 'make',
  2 => 'serie',
  3 => 'ca-year',
  4 => 'trim',
  5 => 'body',
  6 => 'condition',
)
08.09.2023 09:08:31 - array (
  0 => 'add_media',
  1 => 'make',
  2 => 'serie',
  3 => 'ca-year',
  4 => 'trim',
  5 => 'body',
  6 => 'condition',
)
08.09.2023 09:53:24 - array (
  0 => 'add_media',
  1 => 'make',
  2 => 'serie',
  3 => 'ca-year',
  4 => 'trim',
  5 => 'body',
  6 => 'condition',
)
08.09.2023 10:05:11 - array (
  0 => 'add_media',
  1 => 'make',
  2 => 'serie',
  3 => 'ca-year',
  4 => 'trim',
  5 => 'body',
  6 => 'condition',
)
08.09.2023 12:28:13 - array (
  0 => 'add_media',
  1 => 'make',
  2 => 'serie',
  3 => 'ca-year',
  4 => 'trim',
  5 => 'body',
  6 => 'condition',
)
08.09.2023 12:32:23 - array (
  0 => 'add_media',
  1 => 'make',
  2 => 'serie',
  3 => 'ca-year',
  4 => 'trim',
  5 => 'body',
  6 => 'condition',
)
09.09.2023 07:17:22 - array (
  0 => 'add_media',
  1 => 'make',
  2 => 'serie',
  3 => 'ca-year',
  4 => 'trim',
  5 => 'body',
  6 => 'condition',
)
12.09.2023 20:50:19 - array (
  0 => 'add_media',
  1 => 'make',
  2 => 'serie',
  3 => 'ca-year',
  4 => 'trim',
  5 => 'body',
  6 => 'condition',
)
12.09.2023 21:06:38 - array (
  0 => 'add_media',
  1 => 'make',
  2 => 'serie',
  3 => 'ca-year',
  4 => 'trim',
  5 => 'body',
  6 => 'condition',
)
12.09.2023 21:06:46 - array (
  0 => 'add_media',
  1 => 'make',
  2 => 'serie',
  3 => 'ca-year',
  4 => 'trim',
  5 => 'body',
  6 => 'condition',
)
12.09.2023 21:06:52 - array (
  0 => 'add_media',
  1 => 'make',
  2 => 'serie',
  3 => 'ca-year',
  4 => 'trim',
  5 => 'body',
  6 => 'condition',
)
12.09.2023 21:15:54 - array (
  0 => 'add_media',
  1 => 'make',
  2 => 'serie',
  3 => 'ca-year',
  4 => 'trim',
  5 => 'body',
  6 => 'condition',
)
12.09.2023 21:15:58 - array (
  0 => 'add_media',
  1 => 'make',
  2 => 'serie',
  3 => 'ca-year',
  4 => 'trim',
  5 => 'body',
  6 => 'condition',
)
12.09.2023 21:16:06 - array (
  0 => 'add_media',
  1 => 'make',
  2 => 'serie',
  3 => 'ca-year',
  4 => 'trim',
  5 => 'body',
  6 => 'condition',
)
12.09.2023 21:43:38 - array (
  0 => 'add_media',
  1 => 'make',
  2 => 'serie',
  3 => 'ca-year',
  4 => 'trim',
  5 => 'body',
  6 => 'condition',
)
12.09.2023 21:43:46 - array (
  0 => 'add_media',
  1 => 'make',
  2 => 'serie',
  3 => 'ca-year',
  4 => 'trim',
  5 => 'body',
  6 => 'condition',
)
12.09.2023 21:43:57 - array (
  0 => 'add_media',
  1 => 'make',
  2 => 'serie',
  3 => 'ca-year',
  4 => 'trim',
  5 => 'body',
  6 => 'condition',
)
12.09.2023 21:44:01 - array (
  0 => 'add_media',
  1 => 'make',
  2 => 'serie',
  3 => 'ca-year',
  4 => 'trim',
  5 => 'body',
  6 => 'condition',
)
12.09.2023 21:44:07 - array (
  0 => 'add_media',
  1 => 'make',
  2 => 'serie',
  3 => 'ca-year',
  4 => 'trim',
  5 => 'body',
  6 => 'condition',
)
12.09.2023 22:24:16 - array (
  0 => 'add_media',
  1 => 'make',
  2 => 'serie',
  3 => 'ca-year',
  4 => 'trim',
  5 => 'body',
  6 => 'condition',
)
12.09.2023 22:33:50 - array (
  0 => 'add_media',
  1 => 'make',
  2 => 'serie',
  3 => 'ca-year',
  4 => 'trim',
  5 => 'body',
  6 => 'condition',
)
12.09.2023 22:34:01 - array (
  0 => 'add_media',
  1 => 'make',
  2 => 'serie',
  3 => 'ca-year',
  4 => 'trim',
  5 => 'body',
  6 => 'condition',
)
14.09.2023 07:50:17 - array (
  0 => 'add_media',
  1 => 'make',
  2 => 'serie',
  3 => 'ca-year',
  4 => 'trim',
  5 => 'body',
  6 => 'condition',
)
14.09.2023 08:54:12 - array (
  0 => 'add_media',
  1 => 'make',
  2 => 'serie',
  3 => 'ca-year',
  4 => 'trim',
  5 => 'body',
  6 => 'condition',
)
14.09.2023 09:08:27 - array (
  0 => 'add_media',
  1 => 'make',
  2 => 'serie',
  3 => 'ca-year',
  4 => 'trim',
  5 => 'body',
  6 => 'condition',
)
14.09.2023 09:13:46 - array (
  0 => 'add_media',
  1 => 'make',
  2 => 'serie',
  3 => 'ca-year',
  4 => 'trim',
  5 => 'body',
  6 => 'condition',
)
14.09.2023 09:15:51 - array (
  0 => 'add_media',
  1 => 'make',
  2 => 'serie',
  3 => 'ca-year',
  4 => 'trim',
  5 => 'body',
  6 => 'condition',
)
14.09.2023 09:20:41 - array (
  0 => 'add_media',
  1 => 'make',
  2 => 'serie',
  3 => 'ca-year',
  4 => 'trim',
  5 => 'body',
  6 => 'condition',
)
14.09.2023 09:22:28 - array (
  0 => 'add_media',
  1 => 'make',
  2 => 'serie',
  3 => 'ca-year',
  4 => 'trim',
  5 => 'body',
  6 => 'condition',
)
14.09.2023 12:36:17 - array (
  0 => 'add_media',
  1 => 'make',
  2 => 'serie',
  3 => 'ca-year',
  4 => 'trim',
  5 => 'body',
  6 => 'condition',
)
15.09.2023 07:28:41 - array (
  0 => 'add_media',
  1 => 'make',
  2 => 'serie',
  3 => 'ca-year',
  4 => 'trim',
  5 => 'body',
  6 => 'condition',
)
15.09.2023 09:45:22 - array (
  0 => 'add_media',
  1 => 'make',
  2 => 'serie',
  3 => 'ca-year',
  4 => 'trim',
  5 => 'body',
  6 => 'condition',
)
15.09.2023 09:54:26 - array (
  0 => 'add_media',
  1 => 'make',
  2 => 'serie',
  3 => 'ca-year',
  4 => 'trim',
  5 => 'body',
  6 => 'condition',
)
15.09.2023 09:56:25 - array (
  0 => 'add_media',
  1 => 'make',
  2 => 'serie',
  3 => 'ca-year',
  4 => 'trim',
  5 => 'body',
  6 => 'condition',
)
15.09.2023 09:58:14 - array (
  0 => 'add_media',
  1 => 'make',
  2 => 'serie',
  3 => 'ca-year',
  4 => 'trim',
  5 => 'body',
  6 => 'condition',
)
15.09.2023 10:01:59 - array (
  0 => 'add_media',
  1 => 'make',
  2 => 'serie',
  3 => 'ca-year',
  4 => 'trim',
  5 => 'body',
  6 => 'condition',
)
15.09.2023 10:02:45 - array (
  0 => 'add_media',
  1 => 'make',
  2 => 'serie',
  3 => 'ca-year',
  4 => 'trim',
  5 => 'body',
  6 => 'condition',
)
15.09.2023 10:06:02 - array (
  0 => 'add_media',
  1 => 'make',
  2 => 'serie',
  3 => 'ca-year',
  4 => 'trim',
  5 => 'body',
  6 => 'condition',
)
15.09.2023 10:08:06 - array (
  0 => 'add_media',
  1 => 'make',
  2 => 'serie',
  3 => 'ca-year',
  4 => 'trim',
  5 => 'body',
  6 => 'condition',
)
15.09.2023 10:11:14 - array (
  0 => 'add_media',
  1 => 'make',
  2 => 'serie',
  3 => 'ca-year',
  4 => 'trim',
  5 => 'body',
  6 => 'condition',
)
15.09.2023 10:15:34 - array (
  0 => 'add_media',
  1 => 'make',
  2 => 'serie',
  3 => 'ca-year',
  4 => 'trim',
  5 => 'body',
  6 => 'condition',
)
15.09.2023 10:45:10 - array (
  0 => 'add_media',
  1 => 'make',
  2 => 'serie',
  3 => 'ca-year',
  4 => 'trim',
  5 => 'body',
  6 => 'condition',
)
15.09.2023 10:48:50 - array (
  0 => 'add_media',
  1 => 'make',
  2 => 'serie',
  3 => 'ca-year',
  4 => 'trim',
  5 => 'body',
  6 => 'condition',
)
19.09.2023 09:30:58 - array (
  0 => 'add_media',
  1 => 'make',
  2 => 'serie',
  3 => 'ca-year',
  4 => 'trim',
  5 => 'body',
  6 => 'condition',
)
19.09.2023 09:43:48 - array (
  0 => 'add_media',
  1 => 'make',
  2 => 'serie',
  3 => 'ca-year',
  4 => 'trim',
  5 => 'body',
  6 => 'condition',
)
25.09.2023 11:43:34 - array (
  0 => 'add_media',
  1 => 'make',
  2 => 'serie',
  3 => 'ca-year',
  4 => 'trim',
  5 => 'body',
  6 => 'condition',
)
25.09.2023 11:52:34 - array (
  0 => 'add_media',
  1 => 'make',
  2 => 'serie',
  3 => 'ca-year',
  4 => 'trim',
  5 => 'body',
  6 => 'condition',
)
02.10.2023 09:44:43 - array (
  0 => 'add_media',
  1 => 'make',
  2 => 'serie',
  3 => 'ca-year',
  4 => 'trim',
  5 => 'body',
  6 => 'condition',
)
02.10.2023 09:46:58 - array (
  0 => 'add_media',
  1 => 'make',
  2 => 'serie',
  3 => 'ca-year',
  4 => 'trim',
  5 => 'body',
  6 => 'condition',
)
02.10.2023 09:53:53 - array (
  0 => 'add_media',
  1 => 'make',
  2 => 'serie',
  3 => 'ca-year',
  4 => 'trim',
  5 => 'body',
  6 => 'condition',
)
03.10.2023 14:11:09 - array (
  0 => 'add_media',
  1 => 'make',
  2 => 'serie',
  3 => 'ca-year',
  4 => 'trim',
  5 => 'body',
  6 => 'condition',
)
03.10.2023 14:27:01 - array (
  0 => 'add_media',
  1 => 'make',
  2 => 'serie',
  3 => 'ca-year',
  4 => 'trim',
  5 => 'body',
  6 => 'condition',
)
06.10.2023 10:58:27 - array (
  0 => 'add_media',
  1 => 'make',
  2 => 'serie',
  3 => 'ca-year',
  4 => 'trim',
  5 => 'body',
  6 => 'condition',
)
16.10.2023 10:41:10 - array (
  0 => 'add_media',
  1 => 'make',
  2 => 'serie',
  3 => 'ca-year',
  4 => 'trim',
  5 => 'body',
  6 => 'condition',
)
16.10.2023 10:44:25 - array (
  0 => 'add_media',
  1 => 'make',
  2 => 'serie',
  3 => 'ca-year',
  4 => 'trim',
  5 => 'body',
  6 => 'condition',
)
16.10.2023 10:46:18 - array (
  0 => 'add_media',
  1 => 'make',
  2 => 'serie',
  3 => 'ca-year',
  4 => 'trim',
  5 => 'body',
  6 => 'condition',
)
16.10.2023 10:55:11 - array (
  0 => 'add_media',
  1 => 'make',
  2 => 'serie',
  3 => 'ca-year',
  4 => 'trim',
  5 => 'body',
  6 => 'condition',
)
18.10.2023 10:49:23 - array (
  0 => 'add_media',
  1 => 'make',
  2 => 'serie',
  3 => 'ca-year',
  4 => 'trim',
  5 => 'body',
  6 => 'condition',
)
18.10.2023 10:52:04 - array (
  0 => 'add_media',
  1 => 'make',
  2 => 'serie',
  3 => 'ca-year',
  4 => 'trim',
  5 => 'body',
  6 => 'condition',
)
18.10.2023 10:53:26 - array (
  0 => 'add_media',
  1 => 'make',
  2 => 'serie',
  3 => 'ca-year',
  4 => 'trim',
  5 => 'body',
  6 => 'condition',
)
20.10.2023 15:46:15 - array (
  0 => 'add_media',
  1 => 'make',
  2 => 'serie',
  3 => 'ca-year',
  4 => 'trim',
  5 => 'body',
  6 => 'condition',
)
20.10.2023 17:46:44 - array (
  0 => 'add_media',
  1 => 'condition',
  2 => 'state',
  3 => 'location',
  4 => 'make',
  5 => 'serie',
  6 => 'ca-year',
  7 => 'trim',
)
23.10.2023 06:48:27 - array (
  0 => 'add_media',
  1 => 'condition',
  2 => 'state',
  3 => 'location',
  4 => 'make',
  5 => 'serie',
  6 => 'ca-year',
  7 => 'trim',
)
23.10.2023 06:48:34 - array (
  0 => 'add_media',
  1 => 'condition',
  2 => 'state',
  3 => 'location',
  4 => 'make',
  5 => 'serie',
  6 => 'ca-year',
  7 => 'trim',
)
30.10.2023 17:45:32 - array (
  0 => 'add_media',
  1 => 'condition',
  2 => 'state',
  3 => 'location',
  4 => 'make',
  5 => 'serie',
  6 => 'ca-year',
  7 => 'trim',
)
30.10.2023 18:25:25 - array (
  0 => 'add_media',
  1 => 'condition',
  2 => 'state',
  3 => 'location',
  4 => 'make',
  5 => 'serie',
  6 => 'ca-year',
  7 => 'trim',
)
30.10.2023 20:04:50 - array (
  0 => 'add_media',
  1 => 'condition',
  2 => 'state',
  3 => 'location',
  4 => 'make',
  5 => 'serie',
  6 => 'ca-year',
  7 => 'trim',
)
30.10.2023 20:16:48 - array (
  0 => 'add_media',
  1 => 'condition',
  2 => 'state',
  3 => 'location',
  4 => 'make',
  5 => 'serie',
  6 => 'ca-year',
  7 => 'trim',
)
30.10.2023 20:23:18 - array (
  0 => 'add_media',
  1 => 'condition',
  2 => 'state',
  3 => 'location',
  4 => 'make',
  5 => 'serie',
  6 => 'ca-year',
  7 => 'trim',
)
31.10.2023 13:42:53 - array (
  0 => 'add_media',
  1 => 'condition',
  2 => 'state',
  3 => 'location',
  4 => 'make',
  5 => 'serie',
  6 => 'ca-year',
  7 => 'trim',
)
31.10.2023 13:45:37 - array (
  0 => 'add_media',
  1 => 'condition',
  2 => 'state',
  3 => 'location',
  4 => 'make',
  5 => 'serie',
  6 => 'ca-year',
  7 => 'trim',
)
31.10.2023 14:19:16 - array (
  0 => 'add_media',
  1 => 'condition',
  2 => 'state',
  3 => 'location',
  4 => 'make',
  5 => 'serie',
  6 => 'ca-year',
  7 => 'trim',
)
31.10.2023 14:30:52 - array (
  0 => 'add_media',
  1 => 'condition',
  2 => 'state',
  3 => 'location',
  4 => 'make',
  5 => 'serie',
  6 => 'ca-year',
  7 => 'trim',
)
31.10.2023 14:32:30 - array (
  0 => 'add_media',
  1 => 'condition',
  2 => 'state',
  3 => 'location',
  4 => 'make',
  5 => 'serie',
  6 => 'ca-year',
  7 => 'trim',
)
31.10.2023 14:33:34 - array (
  0 => 'add_media',
  1 => 'condition',
  2 => 'state',
  3 => 'location',
  4 => 'make',
  5 => 'serie',
  6 => 'ca-year',
  7 => 'trim',
)
31.10.2023 14:36:57 - array (
  0 => 'add_media',
  1 => 'condition',
  2 => 'state',
  3 => 'location',
  4 => 'make',
  5 => 'serie',
  6 => 'ca-year',
  7 => 'trim',
)
31.10.2023 14:37:30 - array (
  0 => 'add_media',
  1 => 'condition',
  2 => 'state',
  3 => 'location',
  4 => 'make',
  5 => 'serie',
  6 => 'ca-year',
  7 => 'trim',
)
31.10.2023 14:41:25 - array (
  0 => 'add_media',
  1 => 'condition',
  2 => 'state',
  3 => 'location',
  4 => 'make',
  5 => 'serie',
  6 => 'ca-year',
  7 => 'trim',
)
31.10.2023 14:44:58 - array (
  0 => 'add_media',
  1 => 'condition',
  2 => 'state',
  3 => 'location',
  4 => 'make',
  5 => 'serie',
  6 => 'ca-year',
  7 => 'trim',
)
31.10.2023 14:49:32 - array (
  0 => 'add_media',
  1 => 'condition',
  2 => 'state',
  3 => 'location',
  4 => 'make',
  5 => 'serie',
  6 => 'ca-year',
  7 => 'trim',
)
09.11.2023 21:20:30 - array (
  0 => 'add_media',
)
09.11.2023 21:23:01 - array (
  0 => 'add_media',
)
09.11.2023 21:23:34 - array (
  0 => 'add_media',
)
09.11.2023 21:25:28 - array (
  0 => 'add_media',
)
09.11.2023 21:26:04 - array (
  0 => 'add_media',
)
09.11.2023 21:27:40 - array (
  0 => 'add_media',
)
09.11.2023 21:29:10 - array (
  0 => 'add_media',
)
09.11.2023 21:29:29 - array (
  0 => 'add_media',
)
09.11.2023 21:30:16 - array (
  0 => 'add_media',
)
09.11.2023 21:33:22 - array (
  0 => 'add_media',
)
09.11.2023 21:38:57 - array (
  0 => 'add_media',
)
09.11.2023 21:39:26 - array (
  0 => 'add_media',
)
09.11.2023 21:47:42 - array (
  0 => 'add_media',
  1 => 'state',
  2 => 'location',
  3 => 'make',
  4 => 'serie',
  5 => 'ca-year',
  6 => 'trim',
)
09.11.2023 21:50:32 - array (
  0 => 'add_media',
  1 => 'state',
  2 => 'location',
  3 => 'make',
  4 => 'serie',
  5 => 'ca-year',
  6 => 'trim',
)
09.11.2023 21:50:52 - array (
  0 => 'add_media',
  1 => 'state',
  2 => 'location',
  3 => 'make',
  4 => 'serie',
  5 => 'ca-year',
  6 => 'trim',
)
09.11.2023 21:51:53 - array (
  0 => 'add_media',
  1 => 'state',
  2 => 'location',
  3 => 'make',
  4 => 'serie',
  5 => 'ca-year',
  6 => 'trim',
)
09.11.2023 21:53:26 - array (
  0 => 'add_media',
  1 => 'state',
  2 => 'location',
  3 => 'make',
  4 => 'serie',
  5 => 'ca-year',
  6 => 'trim',
)
09.11.2023 21:53:44 - array (
  0 => 'add_media',
  1 => 'state',
  2 => 'location',
  3 => 'make',
  4 => 'serie',
  5 => 'ca-year',
  6 => 'trim',
)
09.11.2023 21:54:00 - array (
  0 => 'add_media',
  1 => 'state',
  2 => 'location',
  3 => 'make',
  4 => 'serie',
  5 => 'ca-year',
  6 => 'trim',
)
09.11.2023 21:54:12 - array (
  0 => 'add_media',
  1 => 'state',
  2 => 'location',
  3 => 'make',
  4 => 'serie',
  5 => 'ca-year',
  6 => 'trim',
)
09.11.2023 21:54:34 - array (
  0 => 'add_media',
  1 => 'state',
  2 => 'location',
  3 => 'make',
  4 => 'serie',
  5 => 'ca-year',
  6 => 'trim',
)
09.11.2023 21:54:53 - array (
  0 => 'add_media',
  1 => 'state',
  2 => 'location',
  3 => 'make',
  4 => 'serie',
  5 => 'ca-year',
  6 => 'trim',
)
09.11.2023 21:55:07 - array (
  0 => 'add_media',
  1 => 'state',
  2 => 'location',
  3 => 'make',
  4 => 'serie',
  5 => 'ca-year',
  6 => 'trim',
)
09.11.2023 21:55:10 - array (
  0 => 'add_media',
  1 => 'state',
  2 => 'location',
  3 => 'make',
  4 => 'serie',
  5 => 'ca-year',
  6 => 'trim',
)
09.11.2023 21:55:28 - array (
  0 => 'add_media',
  1 => 'state',
  2 => 'location',
  3 => 'make',
  4 => 'serie',
  5 => 'ca-year',
  6 => 'trim',
)
09.11.2023 21:56:44 - array (
  0 => 'add_media',
  1 => 'state',
  2 => 'location',
  3 => 'make',
  4 => 'serie',
  5 => 'ca-year',
  6 => 'trim',
)
09.11.2023 21:56:47 - array (
  0 => 'add_media',
  1 => 'state',
  2 => 'location',
  3 => 'make',
  4 => 'serie',
  5 => 'ca-year',
  6 => 'trim',
)
09.11.2023 21:57:42 - array (
  0 => 'add_media',
  1 => 'state',
  2 => 'location',
  3 => 'make',
  4 => 'serie',
  5 => 'ca-year',
  6 => 'trim',
)
09.11.2023 22:07:04 - array (
  0 => 'add_media',
  1 => 'state',
  2 => 'location',
  3 => 'make',
  4 => 'serie',
  5 => 'ca-year',
  6 => 'trim',
)
09.11.2023 22:07:09 - array (
  0 => 'add_media',
  1 => 'state',
  2 => 'location',
  3 => 'make',
  4 => 'serie',
  5 => 'ca-year',
  6 => 'trim',
)
09.11.2023 22:07:14 - array (
  0 => 'add_media',
  1 => 'state',
  2 => 'location',
  3 => 'make',
  4 => 'serie',
  5 => 'ca-year',
  6 => 'trim',
)
09.11.2023 22:08:08 - array (
  0 => 'add_media',
  1 => 'state',
  2 => 'location',
  3 => 'make',
  4 => 'serie',
  5 => 'ca-year',
  6 => 'trim',
)
09.11.2023 22:14:59 - array (
  0 => 'add_media',
  1 => 'state',
  2 => 'location',
  3 => 'make',
  4 => 'serie',
  5 => 'ca-year',
  6 => 'trim',
)
09.11.2023 22:32:51 - array (
  0 => 'add_media',
  1 => 'state',
  2 => 'location',
  3 => 'make',
  4 => 'serie',
  5 => 'ca-year',
  6 => 'trim',
)
09.11.2023 22:35:00 - array (
  0 => 'add_media',
  1 => 'state',
  2 => 'location',
  3 => 'make',
  4 => 'serie',
  5 => 'ca-year',
  6 => 'trim',
)
09.11.2023 22:37:55 - array (
  0 => 'add_media',
  1 => 'state',
  2 => 'location',
  3 => 'make',
  4 => 'serie',
  5 => 'ca-year',
  6 => 'trim',
)
09.11.2023 22:38:17 - array (
  0 => 'add_media',
  1 => 'state',
  2 => 'location',
  3 => 'make',
  4 => 'serie',
  5 => 'ca-year',
  6 => 'trim',
)
09.11.2023 22:39:37 - array (
  0 => 'add_media',
  1 => 'state',
  2 => 'location',
  3 => 'make',
  4 => 'serie',
  5 => 'ca-year',
  6 => 'trim',
)
09.11.2023 22:41:23 - array (
  0 => 'add_media',
  1 => 'state',
  2 => 'location',
  3 => 'make',
  4 => 'serie',
  5 => 'ca-year',
  6 => 'trim',
)
09.11.2023 22:43:58 - array (
  0 => 'add_media',
  1 => 'state',
  2 => 'location',
  3 => 'make',
  4 => 'serie',
  5 => 'ca-year',
  6 => 'trim',
)
09.11.2023 22:45:24 - array (
  0 => 'add_media',
  1 => 'state',
  2 => 'location',
  3 => 'make',
  4 => 'serie',
  5 => 'ca-year',
  6 => 'trim',
)
09.11.2023 22:47:05 - array (
  0 => 'add_media',
  1 => 'state',
  2 => 'location',
  3 => 'make',
  4 => 'serie',
  5 => 'ca-year',
  6 => 'trim',
)
09.11.2023 22:47:38 - array (
  0 => 'add_media',
  1 => 'state',
  2 => 'location',
  3 => 'make',
  4 => 'serie',
  5 => 'ca-year',
  6 => 'trim',
)
09.11.2023 22:48:11 - array (
  0 => 'add_media',
  1 => 'state',
  2 => 'location',
  3 => 'make',
  4 => 'serie',
  5 => 'ca-year',
  6 => 'trim',
)
09.11.2023 22:48:28 - array (
  0 => 'add_media',
  1 => 'state',
  2 => 'location',
  3 => 'make',
  4 => 'serie',
  5 => 'ca-year',
  6 => 'trim',
)
09.11.2023 22:48:42 - array (
  0 => 'add_media',
  1 => 'state',
  2 => 'location',
  3 => 'make',
  4 => 'serie',
  5 => 'ca-year',
  6 => 'trim',
)
11.11.2023 23:09:37 - array (
  0 => 'add_media',
  1 => 'state',
  2 => 'location',
  3 => 'make',
  4 => 'serie',
  5 => 'ca-year',
  6 => 'trim',
)
12.11.2023 19:27:12 - array (
  0 => 'add_media',
  1 => 'state',
  2 => 'location',
  3 => 'make',
  4 => 'serie',
  5 => 'ca-year',
  6 => 'trim',
)
12.11.2023 19:43:19 - array (
  0 => 'add_media',
  1 => 'state',
  2 => 'location',
  3 => 'make',
  4 => 'serie',
  5 => 'ca-year',
  6 => 'trim',
)
12.11.2023 20:23:07 - array (
  0 => 'add_media',
  1 => 'state',
  2 => 'location',
  3 => 'make',
  4 => 'serie',
  5 => 'ca-year',
  6 => 'trim',
)
12.11.2023 20:23:37 - array (
  0 => 'add_media',
  1 => 'state',
  2 => 'location',
  3 => 'make',
  4 => 'serie',
  5 => 'ca-year',
  6 => 'trim',
)
12.11.2023 20:28:19 - array (
  0 => 'add_media',
  1 => 'state',
  2 => 'location',
  3 => 'make',
  4 => 'serie',
  5 => 'ca-year',
  6 => 'trim',
)
12.11.2023 21:39:26 - array (
  0 => 'add_media',
  1 => 'state',
  2 => 'location',
  3 => 'make',
  4 => 'serie',
  5 => 'ca-year',
  6 => 'trim',
)
12.11.2023 21:39:47 - array (
  0 => 'add_media',
  1 => 'state',
  2 => 'location',
  3 => 'make',
  4 => 'serie',
  5 => 'ca-year',
  6 => 'trim',
)
12.11.2023 22:10:29 - array (
  0 => 'add_media',
  1 => 'state',
  2 => 'location',
  3 => 'make',
  4 => 'serie',
  5 => 'ca-year',
  6 => 'trim',
)
12.11.2023 22:33:11 - array (
  0 => 'add_media',
  1 => 'state',
  2 => 'location',
  3 => 'make',
  4 => 'serie',
  5 => 'ca-year',
  6 => 'trim',
)
12.11.2023 23:14:53 - array (
  0 => 'add_media',
  1 => 'state',
  2 => 'location',
  3 => 'make',
  4 => 'serie',
  5 => 'ca-year',
  6 => 'trim',
)
12.11.2023 23:22:28 - array (
  0 => 'add_media',
  1 => 'state',
  2 => 'location',
  3 => 'make',
  4 => 'serie',
  5 => 'ca-year',
  6 => 'trim',
)
12.11.2023 23:28:10 - array (
  0 => 'add_media',
  1 => 'state',
  2 => 'location',
  3 => 'make',
  4 => 'serie',
  5 => 'ca-year',
  6 => 'trim',
)
12.11.2023 23:36:30 - array (
  0 => 'add_media',
  1 => 'state',
  2 => 'location',
  3 => 'make',
  4 => 'serie',
  5 => 'ca-year',
  6 => 'trim',
)
13.11.2023 09:17:48 - array (
  0 => 'add_media',
  1 => 'state',
  2 => 'location',
  3 => 'make',
  4 => 'serie',
  5 => 'ca-year',
  6 => 'trim',
)
13.11.2023 09:30:20 - array (
  0 => 'add_media',
  1 => 'state',
  2 => 'location',
  3 => 'make',
  4 => 'serie',
  5 => 'ca-year',
  6 => 'trim',
)
13.11.2023 10:13:09 - array (
  0 => 'add_media',
  1 => 'state',
  2 => 'location',
  3 => 'make',
  4 => 'serie',
  5 => 'ca-year',
  6 => 'trim',
)
13.11.2023 10:13:47 - array (
  0 => 'add_media',
  1 => 'state',
  2 => 'location',
  3 => 'make',
  4 => 'serie',
  5 => 'ca-year',
  6 => 'trim',
)
14.11.2023 19:46:41 - array (
  0 => 'add_media',
  1 => 'state',
  2 => 'location',
  3 => 'make',
  4 => 'serie',
  5 => 'ca-year',
  6 => 'trim',
)
14.11.2023 19:49:23 - array (
  0 => 'add_media',
  1 => 'state',
  2 => 'location',
  3 => 'make',
  4 => 'serie',
  5 => 'ca-year',
  6 => 'trim',
)
14.11.2023 19:51:58 - array (
  0 => 'add_media',
  1 => 'state',
  2 => 'location',
  3 => 'make',
  4 => 'serie',
  5 => 'ca-year',
  6 => 'trim',
)
14.11.2023 19:54:46 - array (
  0 => 'add_media',
  1 => 'state',
  2 => 'location',
  3 => 'make',
  4 => 'serie',
  5 => 'ca-year',
  6 => 'trim',
)
14.11.2023 23:31:36 - array (
  0 => 'add_media',
  1 => 'state',
  2 => 'make',
  3 => 'serie',
  4 => 'ca-year',
  5 => 'trim',
)
14.11.2023 23:32:39 - array (
  0 => 'add_media',
  1 => 'state',
  2 => 'make',
  3 => 'serie',
  4 => 'ca-year',
  5 => 'trim',
)
14.11.2023 23:33:04 - array (
  0 => 'add_media',
  1 => 'state',
  2 => 'make',
  3 => 'serie',
  4 => 'ca-year',
  5 => 'trim',
)
14.11.2023 23:34:02 - array (
  0 => 'add_media',
  1 => 'state',
  2 => 'make',
  3 => 'serie',
  4 => 'ca-year',
  5 => 'trim',
)
14.11.2023 23:34:47 - array (
  0 => 'add_media',
  1 => 'state',
  2 => 'make',
  3 => 'serie',
  4 => 'ca-year',
  5 => 'trim',
)
14.11.2023 23:35:00 - array (
  0 => 'add_media',
  1 => 'state',
  2 => 'make',
  3 => 'serie',
  4 => 'ca-year',
  5 => 'trim',
)
14.11.2023 23:35:43 - array (
  0 => 'add_media',
  1 => 'state',
  2 => 'make',
  3 => 'serie',
  4 => 'ca-year',
  5 => 'trim',
)
14.11.2023 23:38:51 - array (
  0 => 'add_media',
  1 => 'state',
  2 => 'make',
  3 => 'serie',
  4 => 'ca-year',
  5 => 'trim',
)
14.11.2023 23:39:04 - array (
  0 => 'add_media',
  1 => 'state',
  2 => 'make',
  3 => 'serie',
  4 => 'ca-year',
  5 => 'trim',
)
14.11.2023 23:39:28 - array (
  0 => 'add_media',
  1 => 'state',
  2 => 'make',
  3 => 'serie',
  4 => 'ca-year',
  5 => 'trim',
)
14.11.2023 23:39:45 - array (
  0 => 'add_media',
  1 => 'state',
  2 => 'make',
  3 => 'serie',
  4 => 'ca-year',
  5 => 'trim',
)
14.11.2023 23:40:07 - array (
  0 => 'add_media',
  1 => 'state',
  2 => 'make',
  3 => 'serie',
  4 => 'ca-year',
  5 => 'trim',
)
14.11.2023 23:40:41 - array (
  0 => 'add_media',
  1 => 'state',
  2 => 'make',
  3 => 'serie',
  4 => 'ca-year',
  5 => 'trim',
)
14.11.2023 23:40:58 - array (
  0 => 'add_media',
  1 => 'state',
  2 => 'make',
  3 => 'serie',
  4 => 'ca-year',
  5 => 'trim',
)
14.11.2023 23:42:58 - array (
  0 => 'add_media',
  1 => 'state',
  2 => 'make',
  3 => 'serie',
  4 => 'ca-year',
  5 => 'trim',
)
14.11.2023 23:43:21 - array (
  0 => 'add_media',
  1 => 'state',
  2 => 'make',
  3 => 'serie',
  4 => 'ca-year',
  5 => 'trim',
)
14.11.2023 23:44:37 - array (
  0 => 'add_media',
  1 => 'state',
  2 => 'make',
  3 => 'serie',
  4 => 'ca-year',
  5 => 'trim',
)
15.11.2023 00:15:42 - array (
  0 => 'add_media',
  1 => 'state',
  2 => 'make',
  3 => 'serie',
  4 => 'ca-year',
  5 => 'trim',
)
15.11.2023 00:17:02 - array (
  0 => 'add_media',
  1 => 'state',
  2 => 'make',
  3 => 'serie',
  4 => 'ca-year',
  5 => 'trim',
)
15.11.2023 00:17:32 - array (
  0 => 'add_media',
  1 => 'state',
  2 => 'make',
  3 => 'serie',
  4 => 'ca-year',
  5 => 'trim',
)
15.11.2023 03:16:38 - array (
  0 => 'add_media',
  1 => 'state',
  2 => 'make',
  3 => 'serie',
  4 => 'ca-year',
  5 => 'trim',
)
15.11.2023 03:18:48 - array (
  0 => 'add_media',
  1 => 'state',
  2 => 'make',
  3 => 'serie',
  4 => 'ca-year',
  5 => 'trim',
)
15.11.2023 03:20:07 - array (
  0 => 'add_media',
  1 => 'state',
  2 => 'make',
  3 => 'serie',
  4 => 'ca-year',
  5 => 'trim',
)
