21.10.2022 06:26:20 - array (
  'exterior-color' => 'blue',
  'interior-color' => 'brown',
)
21.10.2022 13:12:10 - array (
  'interior-color' => 'brown',
  'seller_notes' => 'Diyoor comment',
)
21.10.2022 13:19:00 - array (
  'mileage' => '5500',
  'fuel' => 'electric',
  'engine' => '3.0',
  'transmission' => 'automatic',
  'drive' => '4wd',
  'exterior-color' => 'deep-blue-pearl',
  'interior-color' => 'grey',
)
21.10.2022 21:53:59 - array (
  'mileage' => '2340',
  'fuel' => 'fuel',
  'engine' => '3.0',
  'transmission' => '6-manual',
  'drive' => 'fwd',
  'exterior-color' => 'deep-blue-pearl',
  'interior-color' => 'grey',
)
23.10.2022 12:26:21 - array (
  'mileage' => '98500',
  'fuel' => 'fuel',
  'engine' => '3.0',
  'transmission' => 'semi-manual',
  'drive' => 'awd',
  'exterior-color' => 'deep-blue-pearl',
  'interior-color' => 'brown',
)
23.10.2022 15:56:32 - array (
  'mileage' => '35000',
  'fuel' => 'biofuels-biodiesel-and-bioethanol',
  'engine' => '3.0 turbo',
  'transmission' => 'semi-manual',
  'drive' => 'fwd',
  'exterior-color' => 'deep-blue-pearl',
  'interior-color' => 'brown',
  'seller_notes' => 'dsadsa',
)
23.10.2022 16:00:18 - array (
  'mileage' => '35000',
  'fuel' => 'biofuels-biodiesel-and-bioethanol',
  'engine' => '3.0 turbo',
  'transmission' => 'semi-manual',
  'drive' => 'fwd',
  'exterior-color' => 'deep-blue-pearl',
  'interior-color' => 'brown',
  'seller_notes' => 'dsadsa',
)
31.10.2022 11:49:29 - array (
  'mileage' => '15000',
  'fuel' => 'biofuels-biodiesel-and-bioethanol',
  'engine' => '44',
  'transmission' => 'semi-manual',
  'drive' => 'fwd',
  'exterior-color' => 'midnight-silver-metallic',
  'interior-color' => 'grey',
  'seller_notes' => 'sfdgfgds',
)
31.10.2022 12:48:02 - array (
  'seller_notes' => 'diyooooor',
)
31.10.2022 12:51:44 - array (
  'seller_notes' => 'diyooooor',
)
31.10.2022 12:56:48 - array (
  'seller_notes' => 'dasdas',
)
01.11.2022 08:57:57 - array (
  'body' => 'sedan',
  'mileage' => '35000',
  'engine' => '1.0',
  'fuel' => 'fuel',
  'transmission' => '6-manual',
  'exterior-color' => 'deep-blue-pearl',
  'interior-color' => 'brown',
)
01.11.2022 10:39:08 - array (
  'body' => 'convertible',
  'fuel' => 'biofuels-biodiesel-and-bioethanol',
  'transmission' => 'semi-manual',
  'exterior-color' => 'deep-blue-pearl',
  'interior-color' => 'brown',
)
01.11.2022 12:49:39 - array (
  'body' => 'minivan',
  'fuel' => 'biofuels-biodiesel-and-bioethanol',
  'transmission' => 'semi-manual',
  'exterior-color' => 'blue',
  'interior-color' => 'brown',
)
01.11.2022 12:52:06 - array (
  'body' => 'minivan',
  'fuel' => 'fuel',
  'transmission' => 'automatic',
  'exterior-color' => 'deep-blue-pearl',
  'interior-color' => 'grey',
)
01.11.2022 14:32:58 - array (
  'body' => 'convertible',
  'fuel' => 'fuel',
  'transmission' => 'automatic',
  'exterior-color' => 'deep-red',
  'interior-color' => 'jet-black',
)
02.11.2022 10:40:10 - array (
  'make' => 'Chevrolet',
  'serie' => 'Malibu',
  'year' => '2015',
  'condition' => 'Used',
  'body' => 'Hatchback',
  'mileage' => '9008',
  'fuel' => 'Fuel',
  'engine' => '1.0 turbo',
  'transmission' => 'Automatic',
  'fuel_consumptions' => '7/100',
  'exterior-color' => 'Midnight Silver Metallic',
  'interior-color' => 'Grey',
)
02.11.2022 11:32:51 - array (
  'make' => 'Chevrolet',
  'serie' => 'CLS-Class',
  'year' => '2000',
  'condition' => 'Used',
  'body' => 'Off-Road',
  'mileage' => '38000',
  'fuel' => 'Fuel',
  'engine' => '3.0 turbo',
  'transmission' => 'Manual',
  'fuel_consumptions' => '7/100',
  'exterior-color' => 'Obsidian Black Metallic',
  'interior-color' => 'Grey',
)
03.11.2022 13:12:29 - array (
  'body' => 'Sedan',
  'mileage' => '315000',
  'fuel' => 'Fuel',
  'engine' => '3.0 atmo',
  'transmission' => 'Automatic',
  'fuel_consumptions' => '35000',
  'exterior-color' => 'Midnight Silver Metallic',
  'interior-color' => 'Grey',
)
03.11.2022 13:15:40 - array (
  'body' => 'Sedan',
  'mileage' => '315555',
  'fuel' => 'Fuel',
  'engine' => '3.5 atmo',
  'transmission' => 'Semi-automatic',
  'fuel_consumptions' => '3/100',
  'exterior-color' => 'Midnight Silver Metallic',
  'interior-color' => 'Grey',
)
03.11.2022 16:59:46 - array (
  'exterior-color' => 'Midnight Silver Metallic',
  'interior-color' => 'Grey',
  'seller_notes' => 'Its a comment 331',
)
04.11.2022 04:51:43 - array (
  'seller_notes' => 'N/A',
)
04.11.2022 05:10:51 - array (
  'exterior-color' => 'Midnight Silver Metallic',
  'interior-color' => 'Grey',
  'mileage' => '25500',
  'engine' => '4.0 BI-turbo',
  'transmission' => 'Automatic',
)
04.11.2022 05:13:44 - array (
  'exterior-color' => 'Midnight Silver Metallic',
  'interior-color' => 'Grey',
  'mileage' => '9000',
  'engine' => '2.5 atmo',
  'transmission' => 'Automatic',
)
04.11.2022 05:37:57 - array (
  'body' => 'Hatchback',
  'mileage' => '9100',
  'fuel' => 'Fuel',
  'engine' => '1.0 Turbo',
  'transmission' => 'Automatic',
  'exterior-color' => 'Solid White',
  'interior-color' => 'Jet Black',
)
04.11.2022 05:38:58 - array (
  'exterior-color' => 'Solid White',
  'interior-color' => 'Multi-pattern',
  'mileage' => '9100',
  'engine' => '1.0 Turbo',
  'body' => 'Coupe',
)
04.11.2022 05:46:27 - array (
  'body' => 'Sedan',
  'mileage' => '350000',
  'fuel' => 'Ethanol',
  'engine' => '2.5 atmo',
  'transmission' => 'Automatic',
  'exterior-color' => 'pearl-white',
  'interior-color' => 'Grey',
)
04.11.2022 06:01:39 - array (
  'exterior-color' => 'pearl-white',
  'interior-color' => 'grey',
  'seller_notes' => 'Comments',
)
06.11.2022 20:24:03 - array (
  'body' => 'Pickups',
  'mileage' => '9283',
  'fuel' => 'Fuel',
  'engine' => '1.0',
  'transmission' => 'Manual',
  'exterior-color' => 'Midnight Silver Metallic',
  'interior-color' => 'Grey',
)
06.11.2022 20:25:09 - array (
  'exterior-color' => 'Pearl White',
  'interior-color' => 'Jet Black',
  'mileage' => '9283',
  'engine' => '1.0 turbo',
  'transmission' => 'Automatic',
)
07.11.2022 05:31:58 - array (
  'exterior-color' => 'pearl-white',
  'interior-color' => 'Jet Black',
  'mileage' => '9283',
  'engine' => '1.0 turbo',
)
07.11.2022 05:39:07 - array (
  'body' => 'Sport Cars',
  'mileage' => '23',
  'fuel' => 'Gasoline',
  'engine' => '2',
  'transmission' => 'Automatic',
  'exterior-color' => 'Midnight Silver Metallic',
  'interior-color' => 'Jet Red',
)
09.11.2022 10:08:25 - array (
  'body' => 'Minivan',
  'mileage' => '120',
  'fuel' => 'Fuel',
  'transmission' => 'Manual',
  'exterior-color' => 'Deep Blue Pearl',
  'interior-color' => 'Grey',
)
09.11.2022 10:10:15 - array (
  'exterior-color' => 'Deep Blue Pearl',
  'interior-color' => 'Grey',
  'mileage' => '120',
)
13.11.2022 17:48:23 - array (
  'body' => 'Sedan',
  'mileage' => '35600',
  'fuel' => 'Fuel',
  'engine' => '2,0',
  'transmission' => 'Automatic',
  'exterior-color' => 'Midnight Silver Metallic',
  'interior-color' => 'Brown',
)
13.11.2022 17:49:29 - array (
  'body' => 'Pickups',
  'mileage' => '50000',
  'fuel' => 'Fuel',
  'engine' => '2,9',
  'transmission' => 'Automatic',
  'exterior-color' => 'Midnight Silver Metallic',
  'interior-color' => 'Grey',
)
13.11.2022 17:50:49 - array (
  'body' => 'Hatchback',
  'mileage' => '356999',
  'fuel' => 'Ethanol',
  'engine' => '2.0 turbo',
  'transmission' => 'Automatic',
  'exterior-color' => 'Deep Blue Pearl',
  'interior-color' => 'Brown',
)
14.11.2022 11:02:04 - array (
  'body' => 'Minivan',
  'mileage' => '9600',
  'fuel' => 'Fuel',
  'engine' => '2.0 atmo',
  'transmission' => 'Automatic',
  'exterior-color' => 'Deep Blue Pearl',
  'interior-color' => 'Brown',
)
14.11.2022 11:02:57 - array (
  'exterior-color' => 'Pearl White',
  'interior-color' => 'Jet Black',
  'mileage' => '9600',
  'engine' => '1.0 atmo',
  'body' => 'Sedan',
)
14.11.2022 11:59:04 - array (
  'mileage' => '35000',
)
14.11.2022 20:02:39 - array (
  'body' => 'Sedan',
  'mileage' => '9800',
  'fuel' => 'Fuel',
  'engine' => '1.0 Turbo',
  'transmission' => 'Automatic',
  'exterior-color' => 'Pearl White',
  'interior-color' => 'Jet Black',
)
14.11.2022 20:04:23 - array (
  'exterior-color' => 'pearl-white',
  'interior-color' => 'Jet Black',
  'mileage' => '9800',
  'engine' => '1.0 Turbo',
)
16.11.2022 17:21:02 - array (
  'body' => 'Hatchback',
  'mileage' => '35000',
  'fuel' => 'Ethanol',
  'engine' => '3.5 atmo',
  'transmission' => 'Manual',
  'exterior-color' => 'Red Multi-Coat',
  'interior-color' => 'Grey',
)
16.11.2022 17:22:12 - array (
  'exterior-color' => 'Red Multi-Coat',
  'interior-color' => 'Grey',
  'mileage' => '35000',
  'engine' => '3.5 atmo',
)
16.11.2022 17:24:43 - array (
  'exterior-color' => 'Red Multi-Coat',
  'interior-color' => 'Grey',
  'mileage' => '35000',
  'engine' => '3.5 atmo',
)
16.11.2022 17:26:48 - array (
  'exterior-color' => 'Red Multi-Coat',
  'interior-color' => 'Grey',
)
16.11.2022 17:27:41 - array (
  'body' => 'Pickups',
  'mileage' => '55000',
  'fuel' => 'Hybrid',
  'engine' => '2.0 turbo',
  'transmission' => 'Automatic',
  'exterior-color' => 'Midnight Silver Metallic',
  'interior-color' => 'Brown',
)
16.11.2022 17:28:11 - array (
  'exterior-color' => 'Midnight Silver Metallic',
  'interior-color' => 'Brown',
)
21.11.2022 07:04:30 - array (
  'exterior-color' => 'pearl-white',
  'interior-color' => 'Jet Black',
)
21.11.2022 07:09:54 - array (
  'exterior-color' => 'pearl-white',
  'interior-color' => 'Jet Black',
)
21.11.2022 07:33:06 - array (
  'exterior-color' => 'Deep Blue Pearl',
  'interior-color' => 'Grey',
)
25.07.2023 09:05:46 - array (
  'location' => 'bsbs',
)
09.08.2023 07:57:57 - array (
  'state' => 'abuja-fat',
)
09.08.2023 08:01:42 - array (
  'state' => 'abuja-fat',
)
09.08.2023 08:02:43 - array (
  'state' => 'abuja-fat',
)
09.08.2023 08:05:10 - array (
  'location' => 'Belgium Brussel',
  'state' => 'abuja-fat',
)
09.08.2023 08:05:43 - array (
  'state' => 'abuja-fat',
)
09.08.2023 08:20:44 - array (
  'state' => 'abuja-fat',
)
13.08.2023 10:10:59 - array (
  'location' => 'lekki phase 1',
  'state' => 'lagos-state',
)
24.08.2023 06:39:43 - array (
  'location' => 'Sangotedo',
  'state' => 'lagos-state',
)
25.08.2023 09:26:57 - array (
  'state' => 'abuja-fat',
)
27.08.2023 22:05:43 - array (
  'location' => 'Lekki',
  'state' => 'lagos-state',
)
27.08.2023 22:06:08 - array (
  'location' => 'Lekki',
  'state' => 'lagos-state',
)
27.08.2023 22:10:07 - array (
  'state' => 'lagos-state',
)
27.08.2023 22:10:19 - array (
  'state' => 'lagos-state',
  'location' => 'Lekki',
)
04.09.2023 12:31:19 - array (
  'location' => 'ajah',
  'state' => 'lagos-state',
)
04.09.2023 12:31:27 - array (
  'location' => 'ajah',
  'state' => 'lagos-state',
)
04.09.2023 12:31:38 - array (
  'location' => 'ajah',
  'state' => 'lagos-state',
)
04.09.2023 12:31:55 - array (
  'location' => 'ajah',
  'state' => 'lagos-state',
)
05.09.2023 14:12:16 - array (
  'location' => 'Agungi',
  'state' => 'lagos-state',
)
08.09.2023 08:53:03 - array (
  'state' => 'abuja-fat',
)
08.09.2023 09:08:31 - array (
  'state' => 'abuja-fat',
)
08.09.2023 09:53:24 - array (
  'location' => 'Ikota Bustop, Lekki',
  'state' => 'lagos-state',
)
08.09.2023 10:05:11 - array (
  'location' => 'Ikot',
  'state' => 'lagos-state',
)
09.09.2023 07:17:23 - array (
  'location' => 'Wuse',
  'state' => 'abuja-fat',
)
12.09.2023 20:50:19 - array (
  'state' => 'lagos-state',
)
12.09.2023 21:43:38 - array (
  'location' => 'lekki',
  'state' => 'lagos-state',
)
12.09.2023 21:43:46 - array (
  'location' => 'lekki',
  'state' => 'lagos-state',
)
12.09.2023 21:43:57 - array (
  'location' => 'lekki',
  'state' => 'lagos-state',
)
12.09.2023 21:44:01 - array (
  'location' => 'lekki',
  'state' => 'lagos-state',
)
12.09.2023 21:44:07 - array (
  'location' => 'lekki',
  'state' => 'lagos-state',
)
12.09.2023 22:24:16 - array (
  'state' => 'lagos-state',
)
12.09.2023 22:33:50 - array (
  'state' => 'lagos-state',
)
12.09.2023 22:34:01 - array (
  'state' => 'lagos-state',
)
14.09.2023 07:50:17 - array (
  'location' => 'Wuse',
  'state' => 'abuja-fat',
)
14.09.2023 09:08:27 - array (
  'location' => 'lekki',
  'state' => 'lagos-state',
)
14.09.2023 09:13:46 - array (
  'location' => 'lekki',
  'state' => 'lagos-state',
)
14.09.2023 09:15:51 - array (
  'location' => 'lagos',
  'state' => 'lagos-state',
)
14.09.2023 09:22:29 - array (
  'location' => 'lekki',
  'state' => 'abuja-fat',
)
14.09.2023 12:36:17 - array (
  'state' => 'abia-state',
)
15.09.2023 07:28:41 - array (
  'location' => 'Ikot',
  'state' => 'lagos-state',
)
15.09.2023 09:54:26 - array (
  'location' => 'Philadelphia, PA, USA',
)
15.09.2023 10:02:45 - array (
  'location' => 'Thailand',
)
15.09.2023 10:15:34 - array (
  'state' => 'adamawa-state',
)
15.09.2023 10:45:10 - array (
  'location' => 'Ikota Villa Estate, Road 1 & Lekki Country Road, Lekki, Nigeria',
  'state' => 'lagos-state',
)
15.09.2023 10:48:50 - array (
  'location' => 'VGC, Lekki, Nigeria',
  'state' => 'lagos-state',
)
19.09.2023 09:30:59 - array (
  'state' => 'lagos-state',
)
19.09.2023 09:43:48 - array (
  'state' => 'lagos-state',
)
25.09.2023 11:43:34 - array (
  'state' => 'lagos-state',
)
25.09.2023 11:52:34 - array (
  'state' => 'lagos-state',
)
02.10.2023 09:44:43 - array (
  'state' => 'lagos-state',
)
02.10.2023 09:46:58 - array (
  'state' => 'Lagos State',
)
02.10.2023 09:53:53 - array (
  'state' => 'Lagos State',
)
03.10.2023 14:11:09 - array (
  'state' => 'lagos-state',
)
03.10.2023 14:27:01 - array (
  'state' => 'Lagos State',
)
06.10.2023 10:58:27 - array (
  'state' => 'lagos-state',
)
16.10.2023 10:41:10 - array (
  'state' => 'lagos-state',
)
16.10.2023 10:44:26 - array (
  'state' => 'Lagos State',
)
16.10.2023 10:46:18 - array (
  'state' => 'Lagos State',
)
16.10.2023 10:55:11 - array (
  'state' => 'Lagos State',
)
18.10.2023 10:49:23 - array (
  'state' => 'abia-state',
)
18.10.2023 10:52:04 - array (
  'state' => 'Abia State',
)
18.10.2023 10:53:26 - array (
  'state' => 'Abia State',
)
20.10.2023 15:46:15 - array (
  'state' => 'lagos-state',
)
