03.11.2021 20:14:22 - array (
  'engine' => '1',
  'fuel' => 'biofuels-biodiesel-and-bioethanol',
  'transmission' => '6-manual',
  'drive' => 'fwd',
  'body' => 'coupe',
  'mileage' => '5800',
)
08.11.2021 15:29:15 - array (
  'fuel' => 'electric',
  'transmission' => 'automatic',
  'drive' => 'awd',
  'body' => 'suv',
  'mileage' => '2000000',
)
09.11.2021 07:33:21 - array (
  'engine' => '2,0',
  'fuel' => 'biofuels-biodiesel-and-bioethanol',
  'transmission' => '6-manual',
  'drive' => '4wd',
  'body' => 'hatchback',
  'mileage' => '56000',
)
09.11.2021 11:09:21 - array (
  'fuel' => 'fuel',
  'transmission' => '6-manual',
  'drive' => 'fwd',
  'mileage' => '25000',
  'engine' => '1400',
)
22.11.2021 19:15:46 - array (
  'engine' => '1,8',
  'fuel' => 'diesel',
  'transmission' => 'automatic',
  'drive' => '4wd',
  'body' => 'convertible',
  'mileage' => '885',
)
24.11.2021 17:28:37 - array (
  'fuel' => 'diesel',
  'engine' => '6523',
  'transmission' => '6-manual',
  'drive' => 'fwd',
  'body' => 'sport-car',
  'mileage' => '356',
)
30.11.2021 09:41:49 - array (
  'fuel' => 'petrol',
  'transmission' => 'automatic',
  'drive' => '4wd',
  'body' => 'hatchback',
  'mileage' => '80000',
)
07.12.2021 17:19:42 - array (
  'fuel' => 'premium-petrol',
  'transmission' => 'automatic',
  'drive' => '4wd',
  'body' => 'coupe',
  'mileage' => '1999',
)
07.12.2021 17:27:44 - array (
  'fuel' => 'electric',
  'transmission' => 'semi-manual',
  'drive' => 'awd',
  'body' => 'sedan',
  'mileage' => '199900',
)
15.12.2021 15:51:06 - array (
  'engine' => '5499494',
  'fuel' => 'fuel',
  'mileage' => '5000',
)
16.12.2021 20:50:35 - array (
  'engine' => '2000',
  'fuel' => 'fuel',
  'transmission' => 'semi-manual',
  'drive' => 'fwd',
  'body' => 'off-road',
  'mileage' => '200000',
)
20.12.2021 12:48:05 - array (
  'engine' => '2.5',
  'fuel' => 'diesel',
  'transmission' => 'automatic',
  'drive' => '4wd',
  'body' => 'hatchback',
  'mileage' => '56828',
)
21.12.2021 07:56:24 - array (
  'engine' => '2.8',
  'fuel' => 'electric',
  'transmission' => '6-manual',
  'drive' => '4wd',
  'body' => 'minivan',
  'mileage' => '190300',
)
21.12.2021 20:16:25 - array (
  'engine' => '3,7',
  'fuel' => 'petrol',
  'transmission' => 'automatic',
  'body' => 'suv',
  'mileage' => '127000',
)
30.12.2021 02:48:56 - array (
  'fuel' => 'diesel',
  'transmission' => 'automatic',
  'drive' => '4wd',
  'body' => 'sedan',
  'mileage' => '150000',
)
01.01.2022 19:59:31 - array (
  'fuel' => 'diesel',
  'transmission' => 'automatic',
  'drive' => '4wd',
  'body' => 'suv',
  'mileage' => '150000',
)
15.01.2022 11:31:10 - array (
  'fuel' => 'diesel',
  'body' => 'coupe',
  'drive' => '4wd',
  'transmission' => 'automatic',
  'mileage' => '258755',
)
17.01.2022 04:48:26 - array (
  'fuel' => 'diesel',
  'transmission' => '6-manual',
  'drive' => 'fwd',
  'mileage' => '50',
)
19.01.2022 15:25:22 - array (
  'drive' => 'rwd',
  'mileage' => '1.',
)
20.01.2022 22:53:45 - array (
  'engine' => '619900827',
  'fuel' => 'fuel',
  'transmission' => 'automatic',
  'drive' => '4wd',
  'body' => 'coupe',
  'mileage' => '2884404406',
)
29.01.2022 10:36:27 - array (
  'engine' => '2500',
  'fuel' => 'biofuels-biodiesel-and-bioethanol',
  'transmission' => 'semi-manual',
  'drive' => 'fwd',
  'body' => 'sport-car',
  'mileage' => '15000',
)
29.01.2022 15:13:25 - array (
  'mileage' => '50',
  'fuel' => 'petrol',
  'transmission' => '6-manual',
)
03.02.2022 16:05:14 - array (
  'engine' => '1.2',
  'fuel' => 'fuel',
  'transmission' => 'automatic',
  'drive' => 'rwd',
  'body' => 'sedan',
  'mileage' => '225866',
)
06.02.2022 08:31:55 - array (
  'engine' => '2500',
  'fuel' => 'diesel',
  'transmission' => '6-manual',
  'drive' => '4wd',
  'body' => 'coupe',
  'mileage' => '12000',
)
06.02.2022 14:47:21 - array (
  'engine' => '25000',
  'fuel' => 'diesel',
  'transmission' => '6-manual',
  'drive' => 'fwd',
  'body' => 'pickup-trucks',
  'mileage' => '40000',
)
06.02.2022 17:20:33 - array (
  'engine' => '1356',
  'fuel' => 'biofuels-biodiesel-and-bioethanol',
  'transmission' => 'semi-manual',
  'drive' => 'rwd',
  'body' => 'sport-car',
  'mileage' => '66',
)
18.02.2022 16:59:21 - array (
  'engine' => '255',
  'fuel' => 'fuel',
  'transmission' => '6-manual',
  'drive' => 'fwd',
  'body' => 'minivan',
  'mileage' => '50',
)
22.02.2022 06:31:26 - array (
  'engine' => '555',
  'fuel' => 'premium-petrol',
  'transmission' => 'automatic',
  'drive' => 'rwd',
  'body' => 'minivan',
  'mileage' => '35',
)
25.02.2022 13:43:28 - array (
  'fuel' => 'petrol',
  'transmission' => 'automatic',
  'drive' => '4wd',
  'body' => 'sedan',
  'mileage' => '129000',
)
26.02.2022 18:45:59 - array (
  'engine' => '2.8',
  'fuel' => 'fuel',
  'transmission' => 'automatic',
  'drive' => 'fwd',
  'body' => 'coupe',
  'mileage' => '150000',
)
27.02.2022 08:12:50 - array (
  'engine' => '2.6',
  'fuel' => 'fuel',
  'transmission' => 'automatic',
  'drive' => 'fwd',
  'body' => 'sedan',
  'mileage' => '15000',
)
28.02.2022 13:36:32 - array (
  'engine' => '1.2',
  'fuel' => 'petrol',
  'transmission' => 'automatic',
  'drive' => 'fwd',
  'mileage' => '2564',
)
05.03.2022 21:45:08 - array (
  'engine' => '159',
  'fuel' => 'biofuels-biodiesel-and-bioethanol',
  'transmission' => '6-manual',
  'drive' => 'fwd',
  'body' => 'convertible',
  'mileage' => '12000',
)
07.03.2022 19:44:53 - array (
  'engine' => '1996',
  'fuel' => 'diesel',
  'transmission' => 'automatic',
  'drive' => '4wd',
  'body' => 'convertible',
  'mileage' => '5000',
)
10.03.2022 06:50:20 - array (
  'fuel' => 'biofuels-biodiesel-and-bioethanol',
  'drive' => 'awd',
  'body' => 'suv',
  'mileage' => '10000',
)
10.03.2022 08:22:13 - array (
  'engine' => '2.8',
  'fuel' => 'fuel',
  'transmission' => 'semi-manual',
  'drive' => 'rwd',
  'body' => 'sedan',
  'mileage' => '588',
)
11.03.2022 06:28:31 - array (
  'mileage' => '13',
)
12.03.2022 15:23:51 - array (
  'engine' => '4',
  'fuel' => 'diesel',
  'transmission' => 'automatic',
  'drive' => '4wd',
  'mileage' => '5000',
)
12.03.2022 16:36:06 - array (
  'engine' => '2',
  'fuel' => 'diesel',
  'transmission' => 'automatic',
  'drive' => 'awd',
  'body' => 'coupe',
  'mileage' => '20000',
)
16.03.2022 11:32:05 - array (
  'engine' => '2.0',
)
19.03.2022 07:26:52 - array (
  'engine' => '55555',
  'fuel' => 'premium-petrol',
  'transmission' => 'automatic',
  'drive' => '4wd',
  'body' => 'sedan',
  'mileage' => '2880',
)
27.03.2022 09:01:33 - array (
  'engine' => '1800',
  'fuel' => 'premium-petrol',
  'transmission' => 'automatic',
  'drive' => 'awd',
  'body' => 'sedan',
  'mileage' => '92000',
)
27.03.2022 09:47:50 - array (
  'engine' => '1500',
  'fuel' => 'diesel',
  'transmission' => 'automatic',
  'drive' => '4wd',
  'body' => 'sedan',
  'mileage' => '120000',
)
27.03.2022 13:46:38 - array (
  'engine' => '5',
  'fuel' => 'biofuels-biodiesel-and-bioethanol',
  'transmission' => 'semi-manual',
  'drive' => 'fwd',
  'body' => 'coupe',
  'mileage' => '200',
)
28.03.2022 21:38:00 - array (
  'engine' => '200',
  'fuel' => 'biofuels-biodiesel-and-bioethanol',
  'transmission' => 'automatic',
  'drive' => 'awd',
  'body' => 'minivan',
  'mileage' => '125',
)
01.04.2022 08:55:12 - array (
  'engine' => '5000',
  'fuel' => 'fuel',
  'transmission' => 'automatic',
  'drive' => '4wd',
  'body' => 'hatchback',
  'mileage' => '10000',
)
10.04.2022 13:25:37 - array (
  'engine' => '20',
  'fuel' => 'biofuels-biodiesel-and-bioethanol',
  'transmission' => 'semi-manual',
  'drive' => 'rwd',
  'body' => 'pickup-trucks',
  'mileage' => '12500',
)
14.04.2022 07:17:29 - array (
  'fuel' => 'fuel',
  'transmission' => 'automatic',
  'body' => 'hatchback',
  'drive' => '4wd',
  'mileage' => '25847',
)
19.04.2022 05:14:17 - array (
  'engine' => '5000',
  'fuel' => 'fuel',
  'transmission' => '6-manual',
  'drive' => 'awd',
  'body' => 'minivan',
  'mileage' => '1500',
)
19.04.2022 06:52:13 - array (
  'engine' => '48557',
  'fuel' => 'diesel',
  'transmission' => 'automatic',
  'drive' => 'awd',
  'body' => 'coupe',
  'mileage' => '1500',
)
19.04.2022 08:39:31 - array (
  'engine' => '1800',
  'transmission' => 'automatic',
  'fuel' => 'fuel',
  'mileage' => '452102',
)
19.04.2022 09:24:34 - array (
  'engine' => '1800',
  'fuel' => 'diesel',
  'transmission' => 'automatic',
  'drive' => 'awd',
  'body' => 'sedan',
  'mileage' => '154556',
)
19.04.2022 23:12:16 - array (
  'engine' => '55555',
  'fuel' => 'biofuels-biodiesel-and-bioethanol',
  'transmission' => '6-manual',
  'drive' => 'awd',
  'body' => 'sedan',
  'mileage' => '2000',
)
21.04.2022 08:05:42 - array (
  'engine' => '33333',
  'fuel' => 'electric',
  'transmission' => 'semi-manual',
  'drive' => 'awd',
  'body' => 'pickup-trucks',
)
21.04.2022 23:51:53 - array (
  'fuel' => 'petrol',
  'transmission' => '6-manual',
  'drive' => '4wd',
  'body' => 'suv',
  'engine' => '20',
  'mileage' => '80000',
)
26.04.2022 01:05:28 - array (
  'engine' => '1',
  'fuel' => 'biofuels-biodiesel-and-bioethanol',
  'transmission' => 'semi-manual',
  'drive' => 'awd',
  'body' => 'hatchback',
  'mileage' => '364',
)
28.04.2022 09:27:27 - array (
  'engine' => '2000',
  'fuel' => 'petrol',
  'transmission' => 'automatic',
  'drive' => '4wd',
  'body' => 'sedan',
  'mileage' => '2000',
)
08.05.2022 16:32:08 - array (
  'engine' => '552888',
  'fuel' => 'fuel',
  'transmission' => 'automatic',
  'drive' => 'awd',
  'body' => 'sedan',
  'mileage' => '4500',
)
10.05.2022 17:56:45 - array (
  'engine' => '12',
  'fuel' => 'electric',
  'transmission' => '6-manual',
  'drive' => 'fwd',
  'body' => 'minivan',
  'mileage' => '132',
)
11.05.2022 07:36:55 - array (
  'engine' => '5',
  'fuel' => 'electric',
  'transmission' => 'automatic',
  'drive' => '4wd',
  'body' => 'minivan',
  'mileage' => '500000',
)
12.05.2022 19:18:56 - array (
  'engine' => '3.5',
  'transmission' => 'automatic',
  'region' => 'pridnestrove',
  'gorod' => 'bendery',
  'obivka-salona' => 'kozha',
  'exterior-color' => 'seryj',
  'interior-color' => 'beige',
  'euro-emission-class' => 'euro-4',
  'nrofdoors' => '5',
  'nrofseats' => '5',
)
15.05.2022 18:06:14 - array (
  'engine' => '4.5',
  'transmission' => 'automatic',
  'region' => 'pridnestrove',
  'gorod' => 'bendery',
  'obivka-salona' => 'kozha',
  'exterior-color' => 'chernyj',
  'interior-color' => 'beige',
  'euro-emission-class' => 'euro-4',
  'nrofdoors' => '5',
  'nrofseats' => '5',
)
17.05.2022 06:25:21 - array (
  'engine' => '4.0',
  'transmission' => 'robotic',
  'region' => 'moldova',
  'gorod' => 'bendery',
)
19.10.2022 23:13:57 - array (
  'mileage' => '321321',
)
20.10.2022 11:09:03 - array (
  'mileage' => '213',
  'fuel' => 'biofuels-biodiesel-and-bioethanol',
  'engine' => '321',
  'year' => '2010',
  'transmission' => 'semi-manual',
  'drive' => 'awd',
  'interior-color' => 'grey',
)
21.10.2022 05:29:37 - array (
  'mileage' => '3000',
  'fuel' => 'electric',
  'engine' => '2.0',
  'year' => '2000',
  'transmission' => '6-manual',
  'drive' => 'awd',
  'interior-color' => 'brown',
)
21.10.2022 06:23:58 - array (
  'mileage' => '35000',
  'fuel' => 'electric',
  'engine' => '2.0 turbo',
  'year' => '2000',
  'fuel_consumptions' => '15/100',
  'transmission' => 'automatic',
  'drive' => 'fwd',
  'interior-color' => 'grey',
)
21.10.2022 06:26:20 - array (
  'mileage' => '35000',
  'fuel' => 'diesel',
  'engine' => '32',
  'year' => '2000',
  'transmission' => 'semi-manual',
  'drive' => 'fwd',
)
21.10.2022 13:12:10 - array (
  'location' => 'Tashkent, Uzbekistan',
  'mileage' => '35000',
  'fuel' => 'biofuels-biodiesel-and-bioethanol',
  'engine' => '3.0',
  'transmission' => 'semi-manual',
  'drive' => 'rwd',
  'exterior-color' => 'deep-blue-pearl',
)
21.10.2022 13:19:00 - array (
  'location' => 'Tashkent, Uzbekistan',
)
21.10.2022 21:53:59 - array (
  'location' => 'Tashkent, Uzbekistan',
)
21.10.2022 22:28:00 - array (
  'mileage' => '99999',
  'fuel' => 'lpg-autogas',
  'engine' => '3.000',
  'transmission' => '6-manual',
  'drive' => 'fwd',
)
22.10.2022 00:04:25 - array (
  'location' => 'Tasikmalaya, Tasikmalaya Regency, West Java, Indonesia',
)
23.10.2022 12:26:21 - array (
  'location' => 'Tashkenti Street, Tbilisi, Georgia',
)
23.10.2022 12:35:45 - array (
  'location' => 'Gruzija',
  'mileage' => '35000',
  'fuel' => 'petrol',
  'engine' => '3.0 turbo',
  'transmission' => 'semi-manual',
  'drive' => 'fwd',
)
23.10.2022 14:47:14 - array (
  'mileage' => '35000',
  'fuel' => 'fuel',
  'engine' => '2.5',
  'transmission' => 'automatic',
  'drive' => 'fwd',
  'exterior-color' => 'midnight-silver-metallic',
  'interior-color' => 'brown',
  'seller_notes' => 'Commment',
)
23.10.2022 16:00:18 - array (
  'location' => 'Russia Stavropolskiy kray',
)
23.10.2022 19:57:47 - array (
  'location' => 'Узбекистан Ташкент',
  'mileage' => '25000',
  'fuel' => 'biofuels-biodiesel-and-bioethanol',
)
31.10.2022 11:49:29 - array (
  'location' => 'Philadelphia, PA, USA',
)
31.10.2022 12:48:02 - array (
  'location' => 'Tashkent, Uzbekistan',
  'mileage' => '350000',
)
31.10.2022 12:51:44 - array (
  'location' => 'Tashkent, Uzbekistan',
  'mileage' => '350000',
)
31.10.2022 12:56:48 - array (
  'location' => 'Belgium Brussel',
  'mileage' => '350000',
)
01.11.2022 08:57:57 - array (
  'location' => 'Tashkent, Uzbekistan',
)
01.11.2022 09:46:32 - array (
  'location' => 'Belgium Brussel',
)
01.11.2022 10:39:08 - array (
  'location' => 'Tashkent, Uzbekistan',
)
01.11.2022 11:43:19 - array (
  'location' => 'Tashkent, Uzbekistan',
)
01.11.2022 12:49:39 - array (
  'location' => 'Tashkent, Uzbekistan',
)
01.11.2022 12:52:06 - array (
  'location' => 'Tasikmalaya, Tasikmalaya Regency, West Java, Indonesia',
)
01.11.2022 14:32:58 - array (
  'location' => 'Узбекистан Ташкент',
)
02.11.2022 05:08:24 - array (
  'mileage' => '{550000}',
)
02.11.2022 05:15:30 - array (
  'location' => 'Tashkent, Uzbekistan',
  'make' => '',
  'serie' => '',
  'condition' => '',
  'year' => '',
  'mileage' => '',
  'engine' => '',
  'body' => '',
  'fuel' => '',
  'transmission' => '',
)
02.11.2022 05:20:15 - array (
  'location' => 'Tashkent, Uzbekistan',
  'make' => 'chevrolet',
  'serie' => 'cls-class',
  'condition' => 'used-cars',
  'year' => '2005',
  'body' => 'sedan',
  'mileage' => '36700',
  'engine' => '3.0',
  'fuel' => 'premium-petrol',
  'fuel_consumptions' => '100',
  'transmission' => '6-manual',
)
02.11.2022 06:56:39 - array (
  'location' => 'Belgium Brussel',
)
02.11.2022 07:01:30 - array (
  'location' => 'Belgium Brussel',
)
02.11.2022 10:26:33 - array (
  'location' => 'Tashkent, Uzbekistan',
  'mileage' => '3000',
  'engine' => '2.0 turbo',
  'fuel_consumptions' => '7/100',
)
02.11.2022 10:28:41 - array (
  'location' => 'Belgium Brussel',
  'make' => 'Chevrolet',
  'serie' => 'Cruze',
  'year' => '2005',
  'condition' => 'New',
  'body' => 'Off-Road',
  'mileage' => '9008',
  'fuel' => 'Fuel',
  'engine' => '1.0 turbo',
  'transmission' => 'Automatic',
  'fuel_consumptions' => '7/100',
)
02.11.2022 10:40:10 - array (
  'location' => 'Tashkent, Uzbekistan',
)
02.11.2022 11:32:51 - array (
  'location' => 'Tashkent, Uzbekistan',
)
03.11.2022 13:12:29 - array (
  'location' => 'Tashkent, Uzbekistan',
)
03.11.2022 13:15:40 - array (
  'location' => 'Tashkent, Uzbekistan',
)
03.11.2022 16:21:57 - array (
  'mileage' => '310000',
  'engine' => '3.5 atmo',
  'seller_notes' => 'Its a comment 331',
)
03.11.2022 16:24:37 - array (
  'location' => 'Belgium Brussel',
  'mileage' => '315555',
  'engine' => '3.5 atmo',
  'seller_notes' => 'Its a comment 331',
)
03.11.2022 16:26:20 - array (
  'mileage' => '310331',
  'engine' => '3.5 atmo',
  'seller_notes' => 'Its a comment 331',
)
03.11.2022 16:37:14 - array (
  'mileage' => '313331',
  'engine' => '3.5 atmo',
  'seller_notes' => 'Its a comment 331',
)
03.11.2022 16:39:34 - array (
  'location' => 'Belgium Brussel',
  'mileage' => '3131000',
  'engine' => '3.5 atmo',
  'seller_notes' => 'Its a comment 331',
)
03.11.2022 16:44:51 - array (
  'mileage' => '331',
  'engine' => '3.5 atmo',
  'seller_notes' => 'Its a comment 331',
)
03.11.2022 16:46:36 - array (
  'mileage' => '315555',
  'engine' => '3.5 atmo',
  'seller_notes' => 'Its a comment 331',
)
03.11.2022 16:48:38 - array (
  'mileage' => '313000',
  'engine' => '3.5 atmo',
  'seller_notes' => 'Its a comment 331',
)
03.11.2022 16:49:19 - array (
  'location' => 'Belgium Brussel',
  'mileage' => '331',
  'engine' => '3.5 atmo',
  'seller_notes' => 'Its a comment 331',
)
03.11.2022 16:50:53 - array (
  'mileage' => '331',
  'engine' => '3.5 atmo',
  'seller_notes' => 'Its a comment 331',
)
03.11.2022 16:59:46 - array (
  'body' => 'Sedan',
  'mileage' => '331',
  'fuel' => 'Fuel',
  'engine' => '3.5 atmo',
  'transmission' => 'Semi-automatic',
  'seller_notes' => 'Its a comment 331',
)
03.11.2022 17:02:10 - array (
  'location' => 'Belgium Brussel',
  'body' => 'Minivan',
  'mileage' => '32123231',
  'fuel' => 'Fuel',
  'engine' => '321',
  'transmission' => 'Semi-automatic',
  'fuel_consumption' => '32123',
)
04.11.2022 04:46:40 - array (
  'body' => 'Minivan',
  'mileage' => '32123231',
  'fuel' => 'Fuel',
  'engine' => '2.0 atmo',
  'transmission' => 'Semi-automatic',
)
04.11.2022 04:51:43 - array (
  'location' => 'Belgium Brussel',
  'body' => 'minivan',
  'mileage' => '150000',
  'fuel' => 'fuel',
  'engine' => '321',
  'price' => '326',
  'transmission' => 'semi-manual',
)
04.11.2022 04:53:16 - array (
  'body' => 'Minivan',
  'mileage' => '1500',
  'fuel' => 'Fuel',
  'engine' => '321',
  'transmission' => 'Semi-automatic',
  'location' => 'Belgium Brussel',
)
04.11.2022 05:10:51 - array (
  'body' => 'Sedan',
  'mileage' => '315555',
  'fuel' => 'Fuel',
  'engine' => '3.5 atmo',
  'transmission' => 'Semi-automatic',
  'location' => 'Belgium Brussel',
)
04.11.2022 05:13:44 - array (
  'body' => 'Sedan',
  'mileage' => '315555',
  'fuel' => 'Fuel',
  'engine' => '3.5 atmo',
  'transmission' => 'Semi-automatic',
  'location' => 'Tashkent, Uzbekistan',
)
04.11.2022 05:37:57 - array (
  'location' => 'Узбекистан Ташкент',
)
04.11.2022 05:38:58 - array (
  'body' => 'Hatchback',
  'mileage' => '9100',
  'fuel' => 'Fuel',
  'engine' => '1.0 Turbo',
  'transmission' => 'Automatic',
  'location' => 'Узбекистан Ташкент',
)
04.11.2022 05:46:27 - array (
  'location' => 'Tashkent, Uzbekistan',
)
04.11.2022 06:01:39 - array (
  'location' => 'Tashkent, Uzbekistan',
  'body' => 'sedan',
  'mileage' => '350000',
  'fuel' => 'biofuels-biodiesel-and-bioethanol',
  'engine' => '2.5 atmo',
  'price' => '50000',
  'transmission' => 'automatic',
)
04.11.2022 10:31:31 - array (
  'location' => 'Belgium Brussel',
)
04.11.2022 10:31:31 - array (
  'location' => 'Belgium Brussel',
)
06.11.2022 20:24:03 - array (
  'location' => 'Узбекистан Ташкент',
)
06.11.2022 20:25:09 - array (
  'body' => 'Pickups',
  'mileage' => '9283',
  'fuel' => 'Fuel',
  'engine' => '1.0',
  'transmission' => 'Manual',
  'location' => 'Узбекистан Ташкент',
)
07.11.2022 04:39:21 - array (
  'location' => 'Belgium Brussel',
)
07.11.2022 04:58:19 - array (
  'location' => 'Belgium Brussel',
)
07.11.2022 04:59:31 - array (
  'location' => 'Belgium Brussel',
)
07.11.2022 05:09:44 - array (
  'location' => 'Belgium Brussel',
)
07.11.2022 05:31:58 - array (
  'body' => 'Pickups',
  'mileage' => '9283',
  'fuel' => 'Fuel',
  'engine' => '1.0 turbo',
  'transmission' => 'Automatic',
)
07.11.2022 05:39:07 - array (
  'location' => 'XOYO, Cowper Street, London, UK',
)
09.11.2022 10:08:25 - array (
  'location' => 'Philadelphia, PA, USA',
)
09.11.2022 10:10:15 - array (
  'body' => 'Minivan',
  'mileage' => '120',
  'fuel' => 'Fuel',
  'transmission' => 'Manual',
  'location' => 'Philadelphia, PA, USA',
)
10.11.2022 13:03:28 - array (
  'location' => 'Узбекистан Ташкентская область',
)
11.11.2022 11:44:13 - array (
  'location' => 'Узбекистан Toshkent Shahri',
)
13.11.2022 17:38:27 - array (
  'location' => 'Belgium Brussel',
)
13.11.2022 17:39:15 - array (
  'location' => 'Belgium Brussel',
)
13.11.2022 17:48:23 - array (
  'location' => 'Tashkent, Uzbekistan',
)
13.11.2022 17:49:29 - array (
  'location' => 'Tashkent, Uzbekistan',
)
13.11.2022 17:50:49 - array (
  'location' => 'Tashkent',
)
14.11.2022 11:02:04 - array (
  'location' => 'Tashkent, Uzbekistan',
)
14.11.2022 11:02:57 - array (
  'body' => 'Minivan',
  'mileage' => '9600',
  'fuel' => 'Fuel',
  'engine' => '2.0 atmo',
  'transmission' => 'Automatic',
  'location' => 'Tashkent, Uzbekistan',
)
14.11.2022 11:56:06 - array (
  'location' => 'tashas. - شارع المرسى - Abu Dhabi - United Arab Emirates',
  'mileage' => '35000',
  'fuel' => 'Fuel',
  'body' => 'Hatchback',
  'transmission' => 'Automatic',
)
14.11.2022 11:56:24 - array (
  'body' => 'Hatchback',
  'mileage' => '35000',
  'fuel' => 'Fuel',
  'transmission' => 'Automatic',
  'location' => 'Belgium Brussel',
)
14.11.2022 11:59:04 - array (
  'body' => 'Hatchback',
  'mileage' => '35000',
  'fuel' => 'Fuel',
  'transmission' => 'Automatic',
)
14.11.2022 20:02:39 - array (
  'location' => 'Узбекистан Ташкент',
)
14.11.2022 20:04:23 - array (
  'body' => 'Sedan',
  'mileage' => '9800',
  'fuel' => 'Fuel',
  'engine' => '1.0 Turbo',
  'transmission' => 'Automatic',
  'location' => 'Узбекистан Ташкент',
)
16.11.2022 17:21:02 - array (
  'location' => 'Brussels, Belgium',
)
16.11.2022 17:21:36 - array (
  'body' => 'Hatchback',
  'mileage' => '35000',
  'fuel' => 'Ethanol',
  'engine' => '3.5 atmo',
  'transmission' => 'Manual',
  'location' => 'Belgium Brussel',
)
16.11.2022 17:22:11 - array (
  'body' => 'Hatchback',
  'mileage' => '35000',
  'fuel' => 'Ethanol',
  'engine' => '3.5 atmo',
  'transmission' => 'Manual',
  'location' => 'Belgium Brussel',
)
16.11.2022 17:24:43 - array (
  'body' => 'Hatchback',
  'mileage' => '35000',
  'fuel' => 'Ethanol',
  'engine' => '3.5 atmo',
  'transmission' => 'Manual',
  'location' => 'Belgium Brussel',
)
16.11.2022 17:26:48 - array (
  'body' => 'Hatchback',
  'mileage' => '35000',
  'fuel' => 'Ethanol',
  'engine' => '3.5 atmo',
  'transmission' => 'Manual',
  'location' => 'Belgium Brussel',
  'seller_notes' => 'Comments asdsad',
)
16.11.2022 17:27:41 - array (
  'location' => 'Brussels, Belgium',
)
16.11.2022 17:28:11 - array (
  'body' => 'Pickups',
  'mileage' => '55000',
  'fuel' => 'Hybrid',
  'engine' => '2.0 turbo',
  'transmission' => 'Automatic',
  'location' => 'Belgium Brussel',
  'seller_notes' => 'New car',
)
21.11.2022 07:04:30 - array (
  'body' => 'Sedan',
  'mileage' => '9800',
  'fuel' => 'Fuel',
  'engine' => '1.0 Turbo',
  'transmission' => 'Automatic',
  'seller_notes' => 'tracker 2 red line chine',
)
21.11.2022 07:09:54 - array (
  'body' => 'Sedan',
  'mileage' => '9800',
  'fuel' => 'Fuel',
  'engine' => '1.0 Turbo',
  'transmission' => 'Automatic',
  'location' => 'Belgium Brussel',
  'seller_notes' => 'tracker 2 red line chine',
)
21.11.2022 07:33:06 - array (
  'body' => 'Minivan',
  'mileage' => '120',
  'fuel' => 'Fuel',
  'transmission' => 'Manual',
  'seller_notes' => 'sdfdfsdfsd',
)
25.07.2023 09:05:46 - array (
  'engine' => '4.6L',
  'fuel' => 'Petrol',
  'transmission' => 'Automatic',
  'mileage' => '68453',
  'exterior-color' => 'Black',
  'interior-color' => 'Brown',
  'state' => 'Lagos',
)
07.08.2023 22:08:16 - array (
  'location' => 'Belgium Brussel',
)
07.08.2023 22:09:17 - array (
  'location' => 'Belgium Brussel',
)
07.08.2023 22:10:33 - array (
  'location' => 'Belgium Brussel',
)
07.08.2023 22:17:19 - array (
  'location' => 'Belgium Brussel',
)
07.08.2023 22:19:45 - array (
  'location' => 'Belgium Brussel',
)
07.08.2023 22:21:24 - array (
  'location' => 'Belgium Brussel',
)
07.08.2023 22:21:31 - array (
  'location' => 'Belgium Brussel',
)
07.08.2023 22:22:16 - array (
  'location' => 'Belgium Brussel',
)
07.08.2023 22:35:36 - array (
  'location' => 'Belgium Brussel',
)
09.08.2023 06:58:58 - array (
  'fuel' => 'diesel',
  'transmission' => '6-manual',
  'mileage' => '30000',
  'engine' => '1-5l',
  'exterior-color' => 'blue',
  'vin' => 'okoksao213123',
  'location' => 'Belgium Brussel',
)
09.08.2023 07:00:44 - array (
  'fuel' => 'diesel',
  'transmission' => '6-manual',
  'mileage' => '1500',
  'engine' => '1-6l',
  'exterior-color' => 'brown',
  'interior-color' => 'black',
  'vin' => '91293sjadji',
  'location' => 'Belgium Brussel',
)
09.08.2023 07:00:59 - array (
  'fuel' => 'diesel',
  'transmission' => '6-manual',
  'mileage' => '1500',
  'engine' => '1-6l',
  'exterior-color' => 'brown',
  'interior-color' => 'black',
  'vin' => '91293sjadji',
  'location' => 'Belgium Brussel',
)
09.08.2023 07:01:24 - array (
  'fuel' => 'diesel',
  'transmission' => '6-manual',
  'mileage' => '1500',
  'engine' => '1-6l',
  'exterior-color' => 'brown',
  'interior-color' => 'black',
  'vin' => '91293sjadji',
  'location' => 'Belgium Brussel',
)
09.08.2023 07:01:44 - array (
  'fuel' => 'diesel',
  'transmission' => '6-manual',
  'mileage' => '1500',
  'engine' => '1-6l',
  'exterior-color' => 'brown',
  'interior-color' => 'black',
  'vin' => '91293sjadji',
  'location' => 'Belgium Brussel',
)
09.08.2023 07:01:53 - array (
  'fuel' => 'diesel',
  'transmission' => '6-manual',
  'mileage' => '1500',
  'engine' => '1-6l',
  'exterior-color' => 'brown',
  'interior-color' => 'black',
  'vin' => '91293sjadji',
  'location' => 'Belgium Brussel',
)
09.08.2023 07:04:05 - array (
  'fuel' => 'electric',
  'transmission' => '6-manual',
  'mileage' => '1500',
  'engine' => '1-7l',
  'exterior-color' => 'burgundy',
  'interior-color' => 'black',
  'vin' => 'jisdaj21312',
  'location' => 'Belgium Brussel',
)
09.08.2023 07:06:13 - array (
  'fuel' => 'electric',
  'transmission' => '6-manual',
  'mileage' => '1500',
  'engine' => '1-7l',
  'exterior-color' => 'burgundy',
  'interior-color' => 'black',
  'vin' => 'jisdaj21312',
  'location' => 'Belgium Brussel',
)
09.08.2023 07:07:27 - array (
  'fuel' => 'electric',
  'transmission' => '6-manual',
  'mileage' => '1500',
  'engine' => '1-7l',
  'exterior-color' => 'burgundy',
  'interior-color' => 'black',
  'vin' => 'jisdaj21312',
  'location' => 'Belgium Brussel',
)
09.08.2023 07:14:53 - array (
  'fuel' => 'diesel',
  'transmission' => '6-manual',
  'mileage' => '3000',
  'engine' => '1-5l',
  'exterior-color' => 'burgundy',
  'interior-color' => 'brown',
  'vin' => 'jsiad123',
  'location' => 'Belgium Brussel',
)
09.08.2023 07:19:00 - array (
  'exterior-color' => 'burgundy',
  'engine' => '1-5l',
  'drive' => '4WD',
  'interior-color' => 'brown',
  'location' => 'Belgium Brussel',
  'mileage' => '3000',
  'fuel' => 'diesel',
  'transmission' => '6-manual',
  'vin' => 'jsiad123',
)
09.08.2023 07:19:59 - array (
  'exterior-color' => 'burgundy',
  'engine' => '1-5l',
  'drive' => '4WD',
  'interior-color' => 'brown',
  'location' => 'Belgium Brussel',
  'mileage' => '3000',
  'fuel' => 'diesel',
  'transmission' => '6-manual',
  'vin' => 'jsiad123',
)
09.08.2023 07:29:43 - array (
  'exterior-color' => 'burgundy',
  'engine' => '1-5l',
  'drive' => '4WD',
  'interior-color' => 'brown',
  'mileage' => '3000',
  'fuel' => 'diesel',
  'transmission' => '6-manual',
  'vin' => 'jsiad123',
)
09.08.2023 07:29:47 - array (
  'exterior-color' => 'burgundy',
  'engine' => '1-5l',
  'drive' => '4WD',
  'interior-color' => 'brown',
  'mileage' => '3000',
  'fuel' => 'diesel',
  'transmission' => '6-manual',
  'vin' => 'jsiad123',
)
09.08.2023 07:30:51 - array (
  'exterior-color' => 'burgundy',
  'engine' => '1-5l',
  'drive' => '4WD',
  'interior-color' => 'brown',
  'mileage' => '3000',
  'fuel' => 'diesel',
  'transmission' => '6-manual',
  'vin' => 'jsiad123',
)
09.08.2023 07:42:02 - array (
  'exterior-color' => 'burgundy',
  'engine' => '1-5l',
  'drive' => '4WD',
  'interior-color' => 'brown',
  'location' => 'Belgium Brussel',
  'mileage' => '3000',
  'fuel' => 'diesel',
  'transmission' => '6-manual',
  'vin' => 'jsiad123',
)
09.08.2023 07:43:12 - array (
  'exterior-color' => 'burgundy',
  'engine' => '1-5l',
  'drive' => '4WD',
  'interior-color' => 'brown',
  'location' => 'Belgium Brussel',
  'mileage' => '3000',
  'fuel' => 'diesel',
  'transmission' => '6-manual',
  'vin' => 'jsiad123',
)
09.08.2023 07:44:46 - array (
  'exterior-color' => 'burgundy',
  'engine' => '1-5l',
  'drive' => '4WD',
  'interior-color' => 'brown',
  'location' => 'Belgium Brussel',
  'mileage' => '3000',
  'fuel' => 'diesel',
  'transmission' => '6-manual',
  'vin' => 'jsiad123',
)
09.08.2023 07:45:16 - array (
  'exterior-color' => 'burgundy',
  'engine' => '1-5l',
  'drive' => '4WD',
  'interior-color' => 'brown',
  'location' => 'Belgium Brussel',
  'mileage' => '3000',
  'fuel' => 'diesel',
  'transmission' => '6-manual',
  'vin' => 'jsiad123',
)
09.08.2023 07:45:39 - array (
  'exterior-color' => 'burgundy',
  'engine' => '1-5l',
  'drive' => '4WD',
  'interior-color' => 'brown',
  'location' => 'Belgium Brussel',
  'mileage' => '3000',
  'fuel' => 'diesel',
  'transmission' => '6-manual',
  'vin' => 'jsiad123',
)
09.08.2023 07:45:48 - array (
  'exterior-color' => 'burgundy',
  'engine' => '1-5l',
  'drive' => '4WD',
  'interior-color' => 'brown',
  'location' => 'Belgium Brussel',
  'mileage' => '3000',
  'fuel' => 'diesel',
  'transmission' => '6-manual',
  'vin' => 'jsiad123',
)
09.08.2023 07:46:45 - array (
  'exterior-color' => 'burgundy',
  'engine' => '1-5l',
  'drive' => '4WD',
  'interior-color' => 'brown',
  'location' => 'Belgium Brussel',
  'mileage' => '3000',
  'fuel' => 'diesel',
  'transmission' => '6-manual',
  'vin' => 'jsiad123',
)
09.08.2023 07:46:56 - array (
  'exterior-color' => 'burgundy',
  'engine' => '1-5l',
  'drive' => '4WD',
  'interior-color' => 'brown',
  'location' => 'Belgium Brussel',
  'mileage' => '3000',
  'fuel' => 'diesel',
  'transmission' => '6-manual',
  'vin' => 'jsiad123',
)
09.08.2023 07:47:04 - array (
  'exterior-color' => 'burgundy',
  'engine' => '1-5l',
  'drive' => '4WD',
  'interior-color' => 'brown',
  'mileage' => '3000',
  'fuel' => 'diesel',
  'transmission' => '6-manual',
  'vin' => 'jsiad123',
)
09.08.2023 07:49:15 - array (
  'exterior-color' => 'burgundy',
  'engine' => '1-5l',
  'drive' => '4WD',
  'interior-color' => 'brown',
  'mileage' => '3000',
  'fuel' => 'diesel',
  'transmission' => '6-manual',
  'vin' => 'jsiad123',
)
09.08.2023 07:56:58 - array (
  'exterior-color' => 'burgundy',
  'engine' => '1-5l',
  'drive' => '4WD',
  'interior-color' => 'brown',
  'mileage' => '3000',
  'fuel' => 'diesel',
  'transmission' => '6-manual',
  'vin' => 'jsiad123',
)
09.08.2023 07:57:57 - array (
  'exterior-color' => 'burgundy',
  'engine' => '1-5l',
  'drive' => '4WD',
  'interior-color' => 'brown',
  'mileage' => '3000',
  'fuel' => 'diesel',
  'transmission' => '6-manual',
)
09.08.2023 08:01:42 - array (
  'exterior-color' => 'burgundy',
  'engine' => '1-5l',
  'drive' => '4WD',
  'interior-color' => 'brown',
  'mileage' => '3000',
  'fuel' => 'diesel',
  'transmission' => '6-manual',
)
09.08.2023 08:02:26 - array (
  'exterior-color' => 'burgundy',
  'engine' => '1-5l',
  'drive' => '4WD',
  'interior-color' => 'brown',
  'location' => 'Belgium Brussel',
  'mileage' => '3000',
  'fuel' => 'diesel',
  'transmission' => '6-manual',
)
09.08.2023 08:02:43 - array (
  'exterior-color' => 'burgundy',
  'engine' => '1-5l',
  'drive' => '4WD',
  'interior-color' => 'brown',
  'mileage' => '3000',
  'fuel' => 'diesel',
  'transmission' => '6-manual',
)
09.08.2023 08:05:10 - array (
  'exterior-color' => 'burgundy',
  'engine' => '1-5l',
  'drive' => '4WD',
  'interior-color' => 'brown',
  'mileage' => '3000',
  'fuel' => 'diesel',
  'transmission' => '6-manual',
)
09.08.2023 08:05:43 - array (
  'exterior-color' => 'burgundy',
  'engine' => '1-5l',
  'drive' => '4WD',
  'interior-color' => 'brown',
  'mileage' => '3000',
  'fuel' => 'diesel',
  'transmission' => '6-manual',
)
09.08.2023 08:20:44 - array (
  'fuel' => 'diesel',
  'transmission' => '6-manual',
  'mileage' => '3000',
  'engine' => '1-8l',
  'exterior-color' => 'burgundy',
  'interior-color' => 'blue',
)
13.08.2023 10:10:59 - array (
  'mileage' => '85762',
  'engine' => '3-5l',
)
14.08.2023 11:35:36 - array (
  'fuel' => 'diesel',
  'transmission' => '6-manual',
  'mileage' => '5000',
  'engine' => '1-7l',
  'exterior-color' => 'brown',
  'interior-color' => 'blue',
  'state' => 'adamawa-state',
)
24.08.2023 06:39:43 - array (
  'fuel' => 'petrol',
  'transmission' => 'automatic',
  'mileage' => '12140',
  'engine' => '2-0l',
  'exterior-color' => 'blue',
  'interior-color' => 'gray',
)
25.08.2023 09:26:57 - array (
  'fuel' => 'premium-petrol',
  'transmission' => '6-manual',
  'mileage' => '150000',
  'engine' => '1-5l',
  'exterior-color' => 'blue',
  'interior-color' => 'black',
)
27.08.2023 22:05:43 - array (
  'fuel' => 'petrol',
  'transmission' => 'automatic',
  'engine' => '3-5l',
  'exterior-color' => 'black',
)
27.08.2023 22:06:08 - array (
  'fuel' => 'petrol',
  'transmission' => 'automatic',
  'engine' => '3-5l',
  'exterior-color' => 'black',
)
27.08.2023 22:10:07 - array (
  'mileage' => '94508',
  'fuel' => 'petrol',
  'transmission' => 'automatic',
  'engine' => '3-5l',
  'exterior-color' => 'black',
)
27.08.2023 22:10:19 - array (
  'mileage' => '94508',
  'fuel' => 'petrol',
  'transmission' => 'automatic',
  'engine' => '3-5l',
  'exterior-color' => 'black',
)
04.09.2023 12:31:19 - array (
  'fuel' => 'petrol',
  'transmission' => 'automatic',
  'engine' => '3-0l',
  'exterior-color' => 'black',
)
04.09.2023 12:31:27 - array (
  'fuel' => 'petrol',
  'transmission' => 'automatic',
  'engine' => '3-0l',
  'exterior-color' => 'black',
)
04.09.2023 12:31:38 - array (
  'fuel' => 'petrol',
  'transmission' => 'automatic',
  'engine' => '3-0l',
  'exterior-color' => 'black',
)
04.09.2023 12:31:55 - array (
  'fuel' => 'petrol',
  'transmission' => 'automatic',
  'engine' => '3-0l',
  'exterior-color' => 'black',
)
05.09.2023 14:12:16 - array (
  'fuel' => 'petrol',
  'transmission' => 'automatic',
  'mileage' => '21088',
  'engine' => '3-0l',
  'exterior-color' => 'white',
  'interior-color' => 'black',
)
08.09.2023 08:46:24 - array (
  'fuel' => 'Electric',
  'location' => 'Russia Stavropolskiy kray',
)
08.09.2023 08:50:45 - array (
  'fuel' => 'electric',
  'transmission' => '6-manual',
  'mileage' => '12000',
  'engine' => '1-0l',
  'exterior-color' => 'burgundy',
)
08.09.2023 08:53:03 - array (
  'fuel' => 'diesel',
  'transmission' => '6-manual',
  'mileage' => '100000',
  'engine' => '1-0l',
  'exterior-color' => 'brown',
)
08.09.2023 08:58:50 - array (
  'fuel' => 'electric',
  'transmission' => '6-manual',
  'mileage' => '150000',
  'engine' => '1-0l',
  'exterior-color' => 'brown',
  'interior-color' => 'burgundy',
)
08.09.2023 09:08:31 - array (
  'fuel' => 'electric',
  'transmission' => '6-manual',
  'mileage' => '150000',
  'engine' => '1-2l',
)
08.09.2023 09:53:24 - array (
  'fuel' => 'petrol',
  'transmission' => 'automatic',
  'engine' => '3-5l',
  'exterior-color' => 'black',
)
08.09.2023 10:05:11 - array (
  'fuel' => 'petrol',
  'transmission' => 'automatic',
  'engine' => '3-5l',
  'exterior-color' => 'black',
)
08.09.2023 12:28:13 - array (
  'fuel' => 'electric',
  'transmission' => '6-manual',
  'mileage' => '35666',
)
08.09.2023 12:32:23 - array (
  'fuel' => 'electric',
  'transmission' => 'semi-manual',
  'mileage' => '5888',
)
09.09.2023 07:17:23 - array (
  'fuel' => 'petrol',
  'transmission' => 'automatic',
  'mileage' => '98456',
  'engine' => '2-0l',
  'exterior-color' => 'gold',
  'interior-color' => 'fabric',
)
12.09.2023 21:06:38 - array (
  'transmission' => 'automatic',
  'fuel' => 'petrol',
  'mileage' => '79000',
  'engine' => '5-6l',
  'exterior-color' => 'white',
  'interior-color' => 'black',
)
12.09.2023 21:06:46 - array (
  'transmission' => 'automatic',
  'fuel' => 'petrol',
  'mileage' => '79000',
  'engine' => '5-6l',
  'exterior-color' => 'white',
  'interior-color' => 'black',
)
12.09.2023 21:06:52 - array (
  'transmission' => 'automatic',
  'fuel' => 'petrol',
  'mileage' => '79000',
  'engine' => '5-6l',
  'exterior-color' => 'white',
  'interior-color' => 'black',
)
12.09.2023 21:15:54 - array (
  'fuel' => 'petrol',
  'transmission' => 'automatic',
  'mileage' => '89000',
  'engine' => '1-2l',
  'exterior-color' => 'red',
  'interior-color' => 'black',
)
12.09.2023 21:15:59 - array (
  'fuel' => 'petrol',
  'transmission' => 'automatic',
  'mileage' => '89000',
  'engine' => '1-2l',
  'exterior-color' => 'red',
  'interior-color' => 'black',
)
12.09.2023 21:16:06 - array (
  'fuel' => 'petrol',
  'transmission' => 'automatic',
  'mileage' => '89000',
  'engine' => '1-2l',
  'exterior-color' => 'red',
  'interior-color' => 'black',
)
12.09.2023 21:43:38 - array (
  'fuel' => 'petrol',
  'transmission' => 'automatic',
  'mileage' => '79000',
  'engine' => '2-6l',
  'exterior-color' => 'black',
  'interior-color' => 'brown',
)
12.09.2023 21:43:46 - array (
  'fuel' => 'petrol',
  'transmission' => 'automatic',
  'mileage' => '79000',
  'engine' => '2-6l',
  'exterior-color' => 'black',
  'interior-color' => 'brown',
)
12.09.2023 21:43:57 - array (
  'fuel' => 'petrol',
  'transmission' => 'automatic',
  'mileage' => '79000',
  'engine' => '2-6l',
  'exterior-color' => 'black',
  'interior-color' => 'brown',
)
12.09.2023 21:44:01 - array (
  'fuel' => 'petrol',
  'transmission' => 'automatic',
  'mileage' => '79000',
  'engine' => '2-6l',
  'exterior-color' => 'black',
  'interior-color' => 'brown',
)
12.09.2023 21:44:07 - array (
  'fuel' => 'petrol',
  'transmission' => 'automatic',
  'mileage' => '79000',
  'engine' => '2-6l',
  'exterior-color' => 'black',
  'interior-color' => 'brown',
)
12.09.2023 22:24:16 - array (
  'fuel' => 'petrol',
  'transmission' => 'automatic',
  'mileage' => '33000',
  'engine' => '1-6l',
  'exterior-color' => 'black',
  'interior-color' => 'brown',
)
12.09.2023 22:33:50 - array (
  'fuel' => 'petrol',
  'transmission' => 'automatic',
)
12.09.2023 22:34:01 - array (
  'fuel' => 'petrol',
  'transmission' => 'automatic',
)
14.09.2023 07:50:17 - array (
  'fuel' => 'petrol',
  'transmission' => 'automatic',
  'engine' => '3-0l',
  'exterior-color' => 'black',
)
14.09.2023 08:54:12 - array (
  'fuel' => 'petrol',
  'transmission' => 'automatic',
  'mileage' => '100',
  'engine' => '3-0l',
  'exterior-color' => 'gold',
  'interior-color' => 'black',
)
14.09.2023 09:08:27 - array (
  'fuel' => 'petrol',
  'transmission' => 'automatic',
  'engine' => '4-0l',
  'exterior-color' => 'black',
  'interior-color' => 'beige',
)
14.09.2023 09:13:46 - array (
  'fuel' => 'petrol',
  'transmission' => 'automatic',
  'engine' => '4-0l',
  'exterior-color' => 'black',
  'interior-color' => 'beige',
)
14.09.2023 09:15:51 - array (
  'fuel' => 'petrol',
  'transmission' => 'automatic',
  'engine' => '3-5l',
  'exterior-color' => 'black',
  'interior-color' => 'blue',
)
14.09.2023 09:22:28 - array (
  'fuel' => 'petrol',
  'transmission' => 'automatic',
  'engine' => '3-2l',
  'exterior-color' => 'black',
  'interior-color' => 'blue',
)
14.09.2023 12:36:17 - array (
  'fuel' => 'petrol',
  'transmission' => '6-manual',
  'mileage' => '999',
  'engine' => '3-8l',
  'exterior-color' => 'black',
  'interior-color' => 'blue',
)
15.09.2023 07:28:41 - array (
  'fuel' => 'petrol',
  'transmission' => 'automatic',
  'mileage' => '12536',
  'engine' => '3-0l',
  'exterior-color' => 'black',
)
15.09.2023 10:15:34 - array (
  'fuel' => 'premium-petrol',
  'transmission' => 'semi-manual',
  'mileage' => '555',
  'engine' => '1-3l',
  'exterior-color' => 'gray',
  'interior-color' => 'burgundy',
)
15.09.2023 10:45:10 - array (
  'fuel' => 'petrol',
  'transmission' => 'automatic',
  'mileage' => '12889',
  'engine' => '3-0l',
  'exterior-color' => 'black',
)
15.09.2023 10:48:50 - array (
  'fuel' => 'petrol',
  'transmission' => 'automatic',
  'mileage' => '1349',
  'engine' => '3-0l',
  'exterior-color' => 'black',
  'interior-color' => 'beige',
)
19.09.2023 09:30:59 - array (
  'fuel' => 'petrol',
  'transmission' => 'automatic',
  'mileage' => '85139',
  'engine' => 'v6',
  'exterior-color' => 'white',
  'interior-color' => 'cream',
)
19.09.2023 09:43:48 - array (
  'fuel' => 'petrol',
  'transmission' => 'automatic',
  'mileage' => '98764',
  'engine' => 'v6',
  'exterior-color' => 'white',
  'interior-color' => 'cream',
)
25.09.2023 11:43:34 - array (
  'fuel' => 'petrol',
  'transmission' => 'automatic',
  'mileage' => '87946',
  'engine' => 'v6',
  'exterior-color' => 'black',
  'interior-color' => 'cream',
)
25.09.2023 11:52:34 - array (
  'fuel' => 'petrol',
  'transmission' => 'automatic',
  'mileage' => '24648',
  'engine' => 'v6',
  'exterior-color' => 'gold',
  'interior-color' => 'green',
)
02.10.2023 09:44:43 - array (
  'fuel' => 'petrol',
  'transmission' => 'automatic',
  'engine' => 'v6',
  'exterior-color' => 'silver',
  'interior-color' => 'black',
)
02.10.2023 09:46:58 - array (
  'fuel' => 'Petrol',
  'transmission' => 'Automatic',
  'engine' => '',
  'exterior-color' => 'Silver',
  'interior-color' => 'Black',
)
02.10.2023 09:53:53 - array (
  'fuel' => 'Petrol',
  'transmission' => 'Automatic',
  'engine' => '',
  'exterior-color' => 'Silver',
  'interior-color' => 'Black',
  'mileage' => '65418',
)
03.10.2023 14:11:09 - array (
  'fuel' => 'petrol',
  'transmission' => '6-manual',
  'exterior-color' => 'red',
)
03.10.2023 14:27:01 - array (
  'fuel' => 'Petrol',
  'transmission' => 'automatic',
  'exterior-color' => 'Red',
  'engine' => 'v6',
  'interior-color' => 'red',
  'seller_notes' => 'Used Toyota hilux upgraded from 2015 to 2023.good and untouched engine and gear ac cooling well. Thumbstart. Automatic drive with auxiliary gear.Price 19.5m location is ojodu berger',
)
06.10.2023 10:58:27 - array (
  'fuel' => 'petrol',
  'transmission' => 'automatic',
  'engine' => 'v6',
  'exterior-color' => 'black',
  'interior-color' => 'brown',
)
16.10.2023 10:41:10 - array (
  'fuel' => 'petrol',
  'transmission' => 'automatic',
  'mileage' => '68754',
  'engine' => 'v6',
  'exterior-color' => 'burgundy',
  'interior-color' => 'black',
)
16.10.2023 10:44:26 - array (
  'fuel' => 'Petrol',
  'transmission' => 'Automatic',
  'mileage' => '68754',
  'engine' => '',
  'exterior-color' => 'Burgundy',
  'interior-color' => 'Black',
)
16.10.2023 10:46:18 - array (
  'fuel' => 'Petrol',
  'transmission' => 'Automatic',
  'mileage' => '68754',
  'engine' => '',
  'exterior-color' => 'Burgundy',
  'interior-color' => 'Black',
)
16.10.2023 10:55:11 - array (
  'fuel' => 'Petrol',
  'transmission' => 'Automatic',
  'mileage' => '68754',
  'engine' => '',
  'exterior-color' => 'Burgundy',
  'interior-color' => 'Black',
  'seller_notes' => 'vehicle in good condition.',
)
18.10.2023 10:49:23 - array (
  'fuel' => 'petrol',
  'transmission' => 'automatic',
  'mileage' => '50',
  'engine' => 'v6',
  'exterior-color' => 'blue',
  'interior-color' => 'brown',
)
18.10.2023 10:52:04 - array (
  'fuel' => 'Petrol',
  'transmission' => 'Automatic',
  'mileage' => '50',
  'engine' => '',
  'exterior-color' => 'Blue',
  'interior-color' => 'Brown',
)
18.10.2023 10:53:26 - array (
  'fuel' => 'Petrol',
  'transmission' => 'Automatic',
  'mileage' => '50',
  'engine' => '',
  'exterior-color' => 'Blue',
  'interior-color' => 'Brown',
)
20.10.2023 15:46:15 - array (
  'fuel' => 'petrol',
  'transmission' => 'automatic',
  'mileage' => '84505',
  'engine' => 'v6',
  'exterior-color' => 'white',
  'interior-color' => 'cream',
)
20.10.2023 17:46:44 - array (
  'engine' => '',
  'transmission' => 'Automatic',
  'fuel' => 'Petrol',
  'drive' => 'AWD',
  'exterior-color' => 'White',
  'interior-color' => 'Cream',
  'mileage' => '84505',
  'body' => 'SUV',
)
30.10.2023 17:45:32 - array (
  'engine' => 'v8',
  'transmission' => 'automatic',
  'fuel' => 'petrol',
  'drive' => 'awd',
  'body' => 'suv',
  'exterior-color' => 'white',
  'interior-color' => 'red',
)
30.10.2023 18:25:25 - array (
  'engine' => 'v6',
  'transmission' => 'automatic',
  'fuel' => 'petrol',
  'drive' => '4wd',
  'body' => 'suv',
  'exterior-color' => 'black',
)
30.10.2023 20:04:50 - array (
  'engine' => 'v6',
  'transmission' => 'automatic',
  'fuel' => 'petrol',
  'drive' => 'rwd',
  'body' => 'coupe',
  'exterior-color' => 'silver',
  'interior-color' => 'fabric',
)
30.10.2023 20:16:48 - array (
  'engine' => 'v8',
  'transmission' => 'automatic',
  'fuel' => 'petrol',
  'drive' => '4wd',
  'body' => 'truck',
  'exterior-color' => 'black',
)
30.10.2023 20:23:18 - array (
  'engine' => '',
  'transmission' => 'Automatic',
  'fuel' => 'Petrol',
  'drive' => '4WD',
  'body' => 'Truck',
  'exterior-color' => 'Black',
  'interior-color' => 'black',
)
31.10.2023 13:42:53 - array (
  'engine' => 'v6',
  'transmission' => 'automatic',
  'fuel' => 'petrol',
  'drive' => 'awd',
  'body' => 'suv',
  'exterior-color' => 'blue',
  'interior-color' => 'cream',
)
31.10.2023 13:45:37 - array (
  'engine' => '',
  'transmission' => 'Automatic',
  'fuel' => 'Petrol',
  'drive' => 'AWD',
  'body' => 'SUV',
  'exterior-color' => 'Blue',
  'interior-color' => 'Cream',
)
31.10.2023 14:19:17 - array (
  'engine' => 'v6',
  'transmission' => 'automatic',
  'fuel' => 'petrol',
  'drive' => '4wd',
  'body' => 'suv',
  'exterior-color' => 'black',
  'interior-color' => 'cream',
)
31.10.2023 14:30:52 - array (
  'engine' => 'v8',
  'transmission' => 'automatic',
  'fuel' => 'petrol',
  'drive' => 'awd',
  'body' => 'suv',
  'exterior-color' => 'white',
  'interior-color' => 'black',
)
31.10.2023 14:41:25 - array (
  'engine' => 'v8',
  'transmission' => 'automatic',
  'fuel' => 'petrol',
  'drive' => 'awd',
  'body' => 'suv',
  'exterior-color' => 'white',
  'interior-color' => 'black',
  'mileage' => '24268',
)
31.10.2023 14:49:32 - array (
  'engine' => 'v8',
  'transmission' => 'automatic',
  'fuel' => 'Petrol',
  'drive' => 'awd',
  'body' => 'suv',
  'exterior-color' => 'white',
  'interior-color' => 'black',
  'mileage' => '24268',
)
09.11.2023 21:57:42 - array (
  'exterior-color' => 'black',
  'interior-color' => 'black',
  'body' => 'convertible',
  'transmission' => 'automatic',
  'fuel' => 'electric',
  'engine' => '3.0',
  'drive' => 'awd',
  'mileage' => '12000',
)
09.11.2023 22:14:59 - array (
  'interior-color' => 'black',
  'exterior-color' => 'black',
  'body' => 'convertible',
  'transmission' => 'semi-manual',
  'fuel' => 'premium-petrol',
  'engine' => '3.0',
  'drive' => 'awd',
  'mileage' => '12500',
)
09.11.2023 22:32:51 - array (
  'exterior-color' => 'black',
  'body' => 'suv',
  'interior-color' => 'black',
  'transmission' => 'automatic',
  'fuel' => 'premium-petrol',
  'engine' => '6.3',
  'drive' => 'rwd',
  'mileage' => '65000',
)
09.11.2023 22:35:00 - array (
  'exterior-color' => 'blue',
  'interior-color' => 'black',
  'body' => 'convertible',
  'transmission' => '6-manual',
  'fuel' => 'electric',
  'engine' => '3.0',
  'drive' => 'awd',
  'mileage' => '15400',
)
09.11.2023 22:37:55 - array (
  'engine' => '3.0',
  'mileage' => '12000',
)
09.11.2023 22:38:17 - array (
  'engine' => '3.0',
  'mileage' => '12000',
)
09.11.2023 22:39:37 - array (
  'engine' => '3.0',
  'mileage' => '23000',
)
09.11.2023 22:41:23 - array (
  'drive' => 'awd',
  'engine' => '3.0',
  'mileage' => '323',
)
09.11.2023 22:43:58 - array (
  'interior-color' => 'black',
  'transmission' => 'semi-manual',
  'engine' => '3.0',
)
09.11.2023 22:45:24 - array (
  'mileage' => '213231',
  'engine' => '3.0',
)
11.11.2023 23:09:37 - array (
  'exterior-color' => 'black',
  'body' => 'suv',
  'transmission' => 'automatic',
  'fuel' => 'petrol',
  'engine' => 'v6',
  'drive' => '4wd',
  'mileage' => '108453',
)
12.11.2023 19:27:12 - array (
  'exterior-color' => 'black',
  'body' => 'suv',
  'transmission' => 'automatic',
  'fuel' => 'petrol',
  'engine' => 'v6',
  'drive' => '4wd',
  'mileage' => '108523',
)
12.11.2023 19:43:19 - array (
  'exterior-color' => 'black',
  'interior-color' => 'beige',
  'body' => 'bus',
  'transmission' => '6-manual',
  'fuel' => 'diesel',
  'engine' => '3.0',
  'drive' => '4wd',
  'mileage' => '3000000',
)
12.11.2023 20:23:37 - array (
  'fuel' => 'premium-petrol',
)
12.11.2023 21:39:47 - array (
  'exterior-color' => 'black',
  'interior-color' => 'black',
  'body' => 'hatchback',
  'transmission' => 'automatic',
  'fuel' => 'petrol',
  'engine' => '3.0',
  'drive' => 'rwd',
  'mileage' => '200000',
)
12.11.2023 22:10:29 - array (
  'exterior-color' => 'Black',
  'interior-color' => 'Brown',
  'body' => 'Coupe',
  'transmission' => 'Automatic',
  'fuel' => 'Electric',
  'engine' => '3.0',
  'drive' => '4WD',
  'mileage' => '331',
)
12.11.2023 22:33:11 - array (
  'exterior-color' => 'Black',
  'interior-color' => 'Brown',
  'body' => 'Coupe',
  'transmission' => 'Automatic',
  'fuel' => 'Electric',
  'engine' => '3.0',
  'drive' => '4WD',
  'mileage' => '331',
)
12.11.2023 23:14:53 - array (
  'exterior-color' => 'Black',
  'interior-color' => 'Black',
  'body' => 'Sedan',
  'transmission' => 'Automatic',
  'fuel' => 'Hybrid',
  'engine' => '1.5',
  'drive' => 'FWD',
  'mileage' => '190000',
)
12.11.2023 23:22:28 - array (
  'exterior-color' => 'Blue',
  'interior-color' => 'Blue',
  'body' => 'Convertible',
  'transmission' => 'Manual',
  'fuel' => 'Electric',
  'engine' => '1.0',
  'drive' => 'AWD',
  'mileage' => '18000',
)
12.11.2023 23:28:10 - array (
  'exterior-color' => 'Black',
  'interior-color' => 'Black',
  'body' => 'Bus',
  'transmission' => 'Automatic',
  'fuel' => 'Diesel',
  'engine' => '1.5',
  'drive' => '4WD',
  'mileage' => '190000',
)
12.11.2023 23:36:30 - array (
  'exterior-color' => 'Blue',
  'interior-color' => 'Blue',
  'body' => 'Convertible',
  'transmission' => 'Manual',
  'fuel' => 'Electric',
  'engine' => '1.0',
  'drive' => 'AWD',
  'mileage' => '19000',
)
13.11.2023 09:17:48 - array (
  'exterior-color' => 'Burgundy',
  'body' => 'Convertible',
  'transmission' => 'Manual',
  'fuel' => 'Electric',
  'engine' => '1.0',
  'drive' => 'AWD',
  'mileage' => '19000',
  'interior-color' => 'Cream',
)
13.11.2023 09:30:20 - array (
  'exterior-color' => 'Burgundy',
  'interior-color' => 'Cream',
  'body' => 'Convertible',
  'transmission' => 'Manual',
  'fuel' => 'Electric',
  'engine' => '1.0',
  'drive' => 'AWD',
  'mileage' => '19000',
)
14.11.2023 23:44:37 - array (
  'exterior-color' => 'Burgundy',
  'interior-color' => 'Cream',
  'body' => 'Convertible',
  'transmission' => 'Manual',
  'fuel' => 'Electric',
  'engine' => '',
  'drive' => 'AWD',
  'mileage' => '19000',
)
15.11.2023 00:15:42 - array (
  'exterior-color' => 'Black',
  'interior-color' => 'Black',
  'body' => 'Limousine',
  'transmission' => 'Automatic',
  'fuel' => 'Electric',
  'engine' => '3.0',
  'drive' => 'AWD',
  'mileage' => '25000',
)
15.11.2023 00:17:02 - array (
  'exterior-color' => 'Black',
  'interior-color' => 'Black',
  'body' => 'Limousine',
  'transmission' => 'Automatic',
  'fuel' => 'Electric',
  'engine' => '',
  'drive' => 'AWD',
  'mileage' => '25000',
)
15.11.2023 00:17:32 - array (
  'exterior-color' => 'Black',
  'interior-color' => 'Black',
  'body' => 'Limousine',
  'transmission' => 'Automatic',
  'fuel' => 'Electric',
  'engine' => '',
  'drive' => 'AWD',
  'mileage' => '25000',
)
